"../../../../../../Unreal Projects/Multiple_Guns_Game/Content/Custom/materials/effects/muzzleflash/babakh8.uasset" 0
"../../../../../../Unreal Projects/Multiple_Guns_Game/Content/Custom/materials/effects/muzzleflash/babakh1.uasset" 1
"../../../../../../Unreal Projects/Multiple_Guns_Game/Content/Custom/materials/effects/muzzleflash/babakh3.uasset" 2
"../../../../../../Unreal Projects/Multiple_Guns_Game/Content/Custom/materials/effects/muzzleflash/babakh4.uasset" 3
"../../../../../../Unreal Projects/Multiple_Guns_Game/Content/Custom/materials/effects/muzzleflash/babakh6.uasset" 4
"../../../../../../Unreal Projects/Multiple_Guns_Game/Content/Custom/materials/effects/muzzleflash/BAD_TEST_MUZZLE.uasset" 5
"../../../../../../Unreal Projects/Multiple_Guns_Game/Content/Custom/materials/effects/muzzleflash/fire_riflemuzzle.uasset" 6
"../../../../../../Unreal Projects/Multiple_Guns_Game/Content/Custom/materials/weapons/pistol/handgun_Fire.uasset" 7
"../../../../../../Unreal Projects/Multiple_Guns_Game/Content/Custom/materials/weapons/shotgun/OLD_SHOTGUN_Shotgun_Emissive.uasset" 8
"../../../../../../Unreal Projects/Multiple_Guns_Game/Content/Custom/models/Sniper_Rifle_Skeleton.uasset" 9
"../../../../../../Unreal Projects/Multiple_Guns_Game/Content/Custom/models/Sniper_Rifle_Anim.uasset" 10
"../../../../../../Unreal Projects/Multiple_Guns_Game/Content/Custom/models/test_hands/Mark23_Skeleton.uasset" 11
"../../../../../../Unreal Projects/Multiple_Guns_Game/Content/Custom/models/test_hands/MAnim_Idle.uasset" 12
"../../../../../../Unreal Projects/Multiple_Guns_Game/Content/Custom/models/test_hands/Mark23_Anim_Draw.uasset" 13
"../../../../../../Unreal Projects/Multiple_Guns_Game/Content/Custom/models/test_hands/Mark23_Anim_Hide.uasset" 14
"../../../../../../Unreal Projects/Multiple_Guns_Game/Content/Custom/models/test_hands/Mark23_Anim_Reload.uasset" 15
"../../../../../../Unreal Projects/Multiple_Guns_Game/Content/Custom/models/test_hands/Mark23_Anim_Shoot.uasset" 16
"../../../../../../Unreal Projects/Multiple_Guns_Game/Content/FirstPerson/Character/Mesh/SK_Mannequin_Arms_Skeleton.uasset" 17
"../../../../../../Unreal Projects/Multiple_Guns_Game/Content/FirstPerson/Animations/FirstPerson_Fire.uasset" 18
"../../../../../../Unreal Projects/Multiple_Guns_Game/Content/FirstPerson/Animations/FirstPersonFire_Montage.uasset" 19
"../../../../../../Unreal Projects/Multiple_Guns_Game/Content/Custom/models/Ship_Gun_Skeleton.uasset" 20
"../../../../../../Unreal Projects/Multiple_Guns_Game/Content/Custom/models/Ship_Gun_Anim_Armature_AltFire.uasset" 21
"../../../../../../Unreal Projects/Multiple_Guns_Game/Content/Custom/models/Ship_Gun_Anim_Armature_Fire.uasset" 22
"../../../../../../Unreal Projects/Multiple_Guns_Game/Content/Custom/models/Ship_Gun_Anim_Armature_Idle.uasset" 23
"../../../Engine/Content/EditorBlueprintResources/StandardMacros.uasset" 24
"../../../../../../Unreal Projects/Multiple_Guns_Game/Content/FirstPerson/Animations/FirstPerson_Idle.uasset" 25
"../../../../../../Unreal Projects/Multiple_Guns_Game/Content/Custom/sound/player/footsteps.uasset" 26
"../../../../../../Unreal Projects/Multiple_Guns_Game/Content/FirstPerson/Animations/FirstPerson_JumpEnd.uasset" 27
"../../../../../../Unreal Projects/Multiple_Guns_Game/Content/FirstPerson/Animations/FirstPerson_JumpLoop.uasset" 28
"../../../../../../Unreal Projects/Multiple_Guns_Game/Content/FirstPerson/Animations/FirstPerson_JumpStart.uasset" 29
"../../../../../../Unreal Projects/Multiple_Guns_Game/Content/FirstPerson/Animations/FirstPerson_Run.uasset" 30
"../../../../../../Unreal Projects/Multiple_Guns_Game/Content/FirstPerson/Animations/FirstPerson_AnimBP.uasset" 31
"../../../../../../Unreal Projects/Multiple_Guns_Game/Content/StarterContent/Textures/T_MacroVariation.uasset" 32
"../../../../../../Unreal Projects/Multiple_Guns_Game/Content/StarterContent/Textures/T_Metal_Steel_D.uasset" 33
"../../../../../../Unreal Projects/Multiple_Guns_Game/Content/StarterContent/Textures/T_Metal_Steel_N.uasset" 34
"../../../../../../Unreal Projects/Multiple_Guns_Game/Content/StarterContent/Materials/M_Metal_Steel.uasset" 35
"../../../../../../Unreal Projects/Multiple_Guns_Game/Content/Custom/scripts/guns/misc/Grenade.uasset" 36
"../../../../../../Unreal Projects/Multiple_Guns_Game/Content/Custom/materials/weapons/grenade_lnchr/SK_FPGun_M_FPGun_BaseColor.uasset" 37
"../../../../../../Unreal Projects/Multiple_Guns_Game/Content/Custom/materials/weapons/grenade_lnchr/SK_FPGun_M_FPGun_Emissive.uasset" 38
"../../../../../../Unreal Projects/Multiple_Guns_Game/Content/Custom/materials/weapons/grenade_lnchr/SK_FPGun_M_FPGun_Metallic.uasset" 39
"../../../../../../Unreal Projects/Multiple_Guns_Game/Content/Custom/materials/weapons/grenade_lnchr/SK_FPGun_M_FPGun_Roughness.uasset" 40
"../../../../../../Unreal Projects/Multiple_Guns_Game/Content/Custom/materials/weapons/grenade_lnchr/T_FPGun_Normal.uasset" 41
"../../../../../../Unreal Projects/Multiple_Guns_Game/Content/Custom/materials/weapons/pistol/Grenade_Lnchr.uasset" 42
"../../../../../../Unreal Projects/Multiple_Guns_Game/Content/Custom/sound/weapons/cannonballshot.uasset" 43
"../../../../../../Unreal Projects/Multiple_Guns_Game/Content/Custom/scripts/guns/Grenade_Launcher.uasset" 44
"../../../../../../Unreal Projects/Multiple_Guns_Game/Content/Custom/materials/weapons/pistol/Fire_001__handgun_Fire_png.uasset" 45
"../../../../../../Unreal Projects/Multiple_Guns_Game/Content/Custom/materials/weapons/pistol/pistol_handgun__handgun_C_jpg_BaseColor.uasset" 46
"../../../../../../Unreal Projects/Multiple_Guns_Game/Content/Custom/materials/weapons/pistol/pistol_handgun__handgun_C_jpg_Metallic.uasset" 47
"../../../../../../Unreal Projects/Multiple_Guns_Game/Content/Custom/materials/weapons/pistol/pistol_handgun__handgun_C_jpg_Normal.uasset" 48
"../../../../../../Unreal Projects/Multiple_Guns_Game/Content/Custom/materials/weapons/pistol/pistol_handgun__handgun_C_jpg_Roughness.uasset" 49
"../../../../../../Unreal Projects/Multiple_Guns_Game/Content/Custom/materials/weapons/pistol/handgun__handgun_C_jpg.uasset" 50
"../../../../../../Unreal Projects/Multiple_Guns_Game/Content/Custom/materials/weapons/pistol/pistol_handgun__handgun_S_jpg_BaseColor.uasset" 51
"../../../../../../Unreal Projects/Multiple_Guns_Game/Content/Custom/materials/weapons/pistol/pistol_handgun__handgun_S_jpg_Emissive.uasset" 52
"../../../../../../Unreal Projects/Multiple_Guns_Game/Content/Custom/materials/weapons/pistol/pistol_handgun__handgun_S_jpg_Metallic.uasset" 53
"../../../../../../Unreal Projects/Multiple_Guns_Game/Content/Custom/materials/weapons/pistol/pistol_handgun__handgun_S_jpg_Normal.uasset" 54
"../../../../../../Unreal Projects/Multiple_Guns_Game/Content/Custom/materials/weapons/pistol/pistol_handgun__handgun_S_jpg_Roughness.uasset" 55
"../../../../../../Unreal Projects/Multiple_Guns_Game/Content/Custom/materials/weapons/pistol/handgun__handgun_S_jpg.uasset" 56
"../../../../../../Unreal Projects/Multiple_Guns_Game/Content/Custom/models/pistol_Cube_002_Skeleton.uasset" 57
"../../../../../../Unreal Projects/Multiple_Guns_Game/Content/Custom/models/pistol_Gun_PhysicsAsset.uasset" 58
"../../../../../../Unreal Projects/Multiple_Guns_Game/Content/Custom/models/pistol_Gun_Skeleton.uasset" 59
"../../../../../../Unreal Projects/Multiple_Guns_Game/Content/Custom/models/pistol.uasset" 60
"../../../../../../Unreal Projects/Multiple_Guns_Game/Content/Custom/models/test_hands/Mark23_Anim_Idle.uasset" 61
"../../../../../../Unreal Projects/Multiple_Guns_Game/Content/Custom/materials/effects/Tracer_Light.uasset" 62
"../../../../../../Unreal Projects/Multiple_Guns_Game/Content/StarterContent/Materials/M_Basic_Wall.uasset" 63
"../../../../../../Unreal Projects/Multiple_Guns_Game/Content/StarterContent/Shapes/Shape_Plane.uasset" 64
"../../../../../../Unreal Projects/Multiple_Guns_Game/Content/Custom/scripts/guns/misc/Hitscan_Tracer.uasset" 65
"../../../../../../Unreal Projects/Multiple_Guns_Game/Content/Custom/models/test_hands/Glove_D1.uasset" 66
"../../../../../../Unreal Projects/Multiple_Guns_Game/Content/Custom/models/test_hands/Glove_D.uasset" 67
"../../../../../../Unreal Projects/Multiple_Guns_Game/Content/Custom/models/test_hands/Hand_D1.uasset" 68
"../../../../../../Unreal Projects/Multiple_Guns_Game/Content/Custom/models/test_hands/Hand_D.uasset" 69
"../../../../../../Unreal Projects/Multiple_Guns_Game/Content/Custom/models/test_hands/Mark23_PhysicsAsset.uasset" 70
"../../../../../../Unreal Projects/Multiple_Guns_Game/Content/Custom/models/test_hands/Mark23.uasset" 71
"../../../../../../Unreal Projects/Multiple_Guns_Game/Content/Custom/sound/weapons/pistol_fire.uasset" 72
"../../../../../../Unreal Projects/Multiple_Guns_Game/Content/Custom/sound/weapons/reload1.uasset" 73
"../../../../../../Unreal Projects/Multiple_Guns_Game/Content/Custom/scripts/guns/Pistol.uasset" 74
"../../../../../../Unreal Projects/Multiple_Guns_Game/Content/Custom/materials/effects/Plasma_Light.uasset" 75
"../../../../../../Unreal Projects/Multiple_Guns_Game/Content/StarterContent/Textures/T_Burst_M.uasset" 76
"../../../../../../Unreal Projects/Multiple_Guns_Game/Content/StarterContent/Particles/Materials/M_Burst.uasset" 77
"../../../../../../Unreal Projects/Multiple_Guns_Game/Content/StarterContent/Particles/Materials/m_flare_01.uasset" 78
"../../../../../../Unreal Projects/Multiple_Guns_Game/Content/Custom/scripts/guns/misc/Plasma_Disintegrate.uasset" 79
"../../../../../../Unreal Projects/Multiple_Guns_Game/Content/Custom/sound/weapons/shock_impact.uasset" 80
"../../../../../../Unreal Projects/Multiple_Guns_Game/Content/Custom/scripts/guns/misc/Plasma_Ball.uasset" 81
"../../../../../../Unreal Projects/Multiple_Guns_Game/Content/Custom/materials/effects/muzzleflash/babakh5.uasset" 82
"../../../../../../Unreal Projects/Multiple_Guns_Game/Content/Custom/materials/effects/muzzleflash/plasma_muzzle.uasset" 83
"../../../../../../Unreal Projects/Multiple_Guns_Game/Content/Custom/materials/weapons/plasma/Plasma_Gun_Beta_Material_BaseColor.uasset" 84
"../../../../../../Unreal Projects/Multiple_Guns_Game/Content/Custom/materials/weapons/plasma/Plasma_Gun_Beta_Material_Emissive.uasset" 85
"../../../../../../Unreal Projects/Multiple_Guns_Game/Content/Custom/materials/weapons/plasma/Plasma_Gun_Beta_Material_Metallic.uasset" 86
"../../../../../../Unreal Projects/Multiple_Guns_Game/Content/Custom/materials/weapons/plasma/Plasma_Gun_Beta_Material_Normal.uasset" 87
"../../../../../../Unreal Projects/Multiple_Guns_Game/Content/Custom/materials/weapons/plasma/Plasma_Gun_Beta_Material_Roughness.uasset" 88
"../../../../../../Unreal Projects/Multiple_Guns_Game/Content/Custom/materials/weapons/plasma/Plasma.uasset" 89
"../../../../../../Unreal Projects/Multiple_Guns_Game/Content/Custom/models/Plasma_Gun_Beta.uasset" 90
"../../../../../../Unreal Projects/Multiple_Guns_Game/Content/Custom/sound/weapons/plasma.uasset" 91
"../../../../../../Unreal Projects/Multiple_Guns_Game/Content/Custom/sound/weapons/plasma_beam_test.uasset" 92
"../../../../../../Unreal Projects/Multiple_Guns_Game/Content/Custom/scripts/guns/Plasma_Gun.uasset" 93
"../../../../../../Unreal Projects/Multiple_Guns_Game/Content/Custom/materials/effects/Rev_Tracer.uasset" 94
"../../../../../../Unreal Projects/Multiple_Guns_Game/Content/Geometry/Meshes/CubeMaterial.uasset" 95
"../../../../../../Unreal Projects/Multiple_Guns_Game/Content/Geometry/Meshes/1M_Cube.uasset" 96
"../../../../../../Unreal Projects/Multiple_Guns_Game/Content/Custom/scripts/guns/misc/Rev_Tracer.uasset" 97
"../../../../../../Unreal Projects/Multiple_Guns_Game/Content/Custom/materials/weapons/revolver/OLD_REVOLVER_Default_OBJ_BaseColor.uasset" 98
"../../../../../../Unreal Projects/Multiple_Guns_Game/Content/Custom/materials/weapons/revolver/OLD_REVOLVER_Default_OBJ_Emissive.uasset" 99
"../../../../../../Unreal Projects/Multiple_Guns_Game/Content/Custom/materials/weapons/revolver/OLD_REVOLVER_Default_OBJ_Metallic.uasset" 100
"../../../../../../Unreal Projects/Multiple_Guns_Game/Content/Custom/materials/weapons/revolver/OLD_REVOLVER_Default_OBJ_Normal.uasset" 101
"../../../../../../Unreal Projects/Multiple_Guns_Game/Content/Custom/materials/weapons/revolver/OLD_REVOLVER_Default_OBJ_Roughness.uasset" 102
"../../../../../../Unreal Projects/Multiple_Guns_Game/Content/Custom/materials/weapons/revolver/Revolver.uasset" 103
"../../../../../../Unreal Projects/Multiple_Guns_Game/Content/Custom/models/OLD_REVOLVER.uasset" 104
"../../../../../../Unreal Projects/Multiple_Guns_Game/Content/Custom/sound/weapons/357.uasset" 105
"../../../../../../Unreal Projects/Multiple_Guns_Game/Content/Custom/sound/weapons/sniper_zoom.uasset" 106
"../../../../../../Unreal Projects/Multiple_Guns_Game/Content/Custom/scripts/guns/Revolver.uasset" 107
"../../../../../../Unreal Projects/Multiple_Guns_Game/Content/Custom/scripts/guns/misc/Sound_Force.uasset" 108
"../../../../../../Unreal Projects/Multiple_Guns_Game/Content/Custom/materials/effects/Sound_Wave.uasset" 109
"../../../../../../Unreal Projects/Multiple_Guns_Game/Content/StarterContent/Textures/T_Detail_Rocky_N.uasset" 110
"../../../../../../Unreal Projects/Multiple_Guns_Game/Content/StarterContent/Textures/T_Perlin_Noise_M.uasset" 111
"../../../../../../Unreal Projects/Multiple_Guns_Game/Content/Custom/materials/effects/Sound_Wave_Distortion.uasset" 112
"../../../../../../Unreal Projects/Multiple_Guns_Game/Content/Custom/scripts/guns/misc/Soundwave_Destroy.uasset" 113
"../../../../../../Unreal Projects/Multiple_Guns_Game/Content/StarterContent/Shapes/Shape_Torus.uasset" 114
"../../../../../../Unreal Projects/Multiple_Guns_Game/Content/Custom/scripts/guns/misc/Sound_Wave.uasset" 115
"../../../../../../Unreal Projects/Multiple_Guns_Game/Content/Custom/materials/effects/muzzleflash/babakh7.uasset" 116
"../../../../../../Unreal Projects/Multiple_Guns_Game/Content/Custom/materials/effects/muzzleflash/sound_muzzle.uasset" 117
"../../../../../../Unreal Projects/Multiple_Guns_Game/Content/Custom/materials/weapons/shotgun/OLD_SHOTGUN_Shotgun_BaseColor.uasset" 118
"../../../../../../Unreal Projects/Multiple_Guns_Game/Content/Custom/materials/weapons/shotgun/OLD_SHOTGUN_Shotgun_EmissiveBlue.uasset" 119
"../../../../../../Unreal Projects/Multiple_Guns_Game/Content/Custom/materials/weapons/shotgun/OLD_SHOTGUN_Shotgun_Metallic.uasset" 120
"../../../../../../Unreal Projects/Multiple_Guns_Game/Content/Custom/materials/weapons/shotgun/OLD_SHOTGUN_Shotgun_Normal.uasset" 121
"../../../../../../Unreal Projects/Multiple_Guns_Game/Content/Custom/materials/weapons/shotgun/OLD_SHOTGUN_Shotgun_Roughness.uasset" 122
"../../../../../../Unreal Projects/Multiple_Guns_Game/Content/Custom/materials/weapons/shotgun/Shotgun.uasset" 123
"../../../../../../Unreal Projects/Multiple_Guns_Game/Content/Custom/models/OLD_SHOTGUN.uasset" 124
"../../../Engine/Content/Functions/Engine_MaterialFunctions01/Gradient/RadialGradient.uasset" 125
"../../../../../../Unreal Projects/Multiple_Guns_Game/Content/StarterContent/Particles/Materials/M_radial_ramp.uasset" 126
"../../../../../../Unreal Projects/Multiple_Guns_Game/Content/Custom/scripts/guns/misc/Sound_Hit.uasset" 127
"../../../../../../Unreal Projects/Multiple_Guns_Game/Content/Custom/sound/weapons/shotgun_fire.uasset" 128
"../../../../../../Unreal Projects/Multiple_Guns_Game/Content/Custom/scripts/guns/Shotgun.uasset" 129
"../../../../../../Unreal Projects/Multiple_Guns_Game/Content/Custom/materials/effects/Sniper.uasset" 130
"../../../../../../Unreal Projects/Multiple_Guns_Game/Content/StarterContent/Textures/T_Dust_Particle_D.uasset" 131
"../../../../../../Unreal Projects/Multiple_Guns_Game/Content/StarterContent/Particles/Materials/M_Dust_Particle.uasset" 132
"../../../../../../Unreal Projects/Multiple_Guns_Game/Content/Custom/scripts/guns/misc/Sniperave_Destroy.uasset" 133
"../../../../../../Unreal Projects/Multiple_Guns_Game/Content/StarterContent/Shapes/Shape_TriPyramid.uasset" 134
"../../../../../../Unreal Projects/Multiple_Guns_Game/Content/Custom/scripts/guns/misc/Sniper_Bullet.uasset" 135
"../../../../../../Unreal Projects/Multiple_Guns_Game/Content/Custom/materials/effects/muzzleflash/babakh2.uasset" 136
"../../../../../../Unreal Projects/Multiple_Guns_Game/Content/Custom/materials/effects/muzzleflash/sniper_muzzle.uasset" 137
"../../../../../../Unreal Projects/Multiple_Guns_Game/Content/Custom/materials/weapons/sniper/Sniper_Rifle_srifle_sheet_BaseColor.uasset" 138
"../../../../../../Unreal Projects/Multiple_Guns_Game/Content/Custom/materials/weapons/sniper/Sniper_Rifle_srifle_sheet_Emissive.uasset" 139
"../../../../../../Unreal Projects/Multiple_Guns_Game/Content/Custom/materials/weapons/sniper/Sniper_Rifle_srifle_sheet_Metallic.uasset" 140
"../../../../../../Unreal Projects/Multiple_Guns_Game/Content/Custom/materials/weapons/sniper/Sniper_Rifle_srifle_sheet_Normal.uasset" 141
"../../../../../../Unreal Projects/Multiple_Guns_Game/Content/Custom/materials/weapons/sniper/Sniper_Rifle_srifle_sheet_Roughness.uasset" 142
"../../../../../../Unreal Projects/Multiple_Guns_Game/Content/Custom/materials/weapons/sniper/srifle_sheet.uasset" 143
"../../../../../../Unreal Projects/Multiple_Guns_Game/Content/Custom/models/Sniper_Rifle_PhysicsAsset.uasset" 144
"../../../../../../Unreal Projects/Multiple_Guns_Game/Content/Custom/models/Sniper_Rifle.uasset" 145
"../../../../../../Unreal Projects/Multiple_Guns_Game/Content/Custom/scripts/guns/misc/Sniper_Hit.uasset" 146
"../../../../../../Unreal Projects/Multiple_Guns_Game/Content/Custom/sound/weapons/sniperfire.uasset" 147
"../../../../../../Unreal Projects/Multiple_Guns_Game/Content/Custom/sound/weapons/soundgun_fire.uasset" 148
"../../../../../../Unreal Projects/Multiple_Guns_Game/Content/Custom/scripts/guns/SniperRifle.uasset" 149
"../../../../../../Unreal Projects/Multiple_Guns_Game/Content/Custom/scripts/player/AdvancedMovement.uasset" 150
"../../../../../../Unreal Projects/Multiple_Guns_Game/Content/Custom/scripts/player/viewbob/TurnAround.uasset" 151
"../../../../../../Unreal Projects/Multiple_Guns_Game/Content/Custom/scripts/player/viewbob/TurnUp.uasset" 152
"../../../../../../Unreal Projects/Multiple_Guns_Game/Content/Custom/scripts/player/viewbob/Viewbob_Move.uasset" 153
"../../../../../../Unreal Projects/Multiple_Guns_Game/Content/Custom/scripts/player/GamerController.uasset" 154
"../../../../../../Unreal Projects/Multiple_Guns_Game/Content/FirstPerson/Textures/FirstPersonCrosshair.uasset" 155
"../../../../../../Unreal Projects/Multiple_Guns_Game/Content/FirstPersonBP/Blueprints/FirstPersonHUD.uasset" 156
"../../../../../../Unreal Projects/Multiple_Guns_Game/Content/Custom/scripts/hud/AmmoCOunt.uasset" 157
"../../../../../../Unreal Projects/Multiple_Guns_Game/Content/Custom/scripts/hud/HUD.uasset" 158
"../../../../../../Unreal Projects/Multiple_Guns_Game/Content/FirstPersonBP/Blueprints/FirstPersonGameMode.uasset" 159
"../../../Engine/Content/Functions/Engine_MaterialFunctions02/Utility/BlendAngleCorrectedNormals.uasset" 160
"../../../Engine/Content/Functions/MaterialLayerFunctions/MatLayerBlend_NormalBlend.uasset" 161
"../../../Engine/Content/Functions/MaterialLayerFunctions/MatLayerBlend_Simple.uasset" 162
"../../../../../../Unreal Projects/Multiple_Guns_Game/Content/Mannequin/Character/Materials/MaterialLayers/T_ML_Rubber_Blue_01_D.uasset" 163
"../../../../../../Unreal Projects/Multiple_Guns_Game/Content/Mannequin/Character/Materials/MaterialLayers/T_ML_Rubber_Blue_01_N.uasset" 164
"../../../../../../Unreal Projects/Multiple_Guns_Game/Content/Mannequin/Character/Materials/MaterialLayers/ML_GlossyBlack_Latex_UE4.uasset" 165
"../../../../../../Unreal Projects/Multiple_Guns_Game/Content/Mannequin/Character/Materials/MaterialLayers/ML_Plastic_Shiny_Beige.uasset" 166
"../../../../../../Unreal Projects/Multiple_Guns_Game/Content/Mannequin/Character/Textures/UE4_LOGO_CARD.uasset" 167
"../../../../../../Unreal Projects/Multiple_Guns_Game/Content/Mannequin/Character/Materials/MaterialLayers/ML_Plastic_Shiny_Beige_LOGO.uasset" 168
"../../../../../../Unreal Projects/Multiple_Guns_Game/Content/Mannequin/Character/Materials/MaterialLayers/T_ML_Aluminum01.uasset" 169
"../../../../../../Unreal Projects/Multiple_Guns_Game/Content/Mannequin/Character/Materials/MaterialLayers/T_ML_Aluminum01_N.uasset" 170
"../../../../../../Unreal Projects/Multiple_Guns_Game/Content/Mannequin/Character/Materials/MaterialLayers/ML_SoftMetal_UE4.uasset" 171
"../../../../../../Unreal Projects/Multiple_Guns_Game/Content/Mannequin/Character/Textures/UE4_Mannequin__normals.uasset" 172
"../../../../../../Unreal Projects/Multiple_Guns_Game/Content/Mannequin/Character/Textures/UE4_Mannequin_MAT_MASKA.uasset" 173
"../../../../../../Unreal Projects/Multiple_Guns_Game/Content/Mannequin/Character/Materials/M_UE4Man_Body1.uasset" 174
"../../../../../../Unreal Projects/Multiple_Guns_Game/Content/Custom/sound/player/dash.uasset" 175
"../../../../../../Unreal Projects/Multiple_Guns_Game/Content/Custom/sound/player/flashlight1.uasset" 176
"../../../../../../Unreal Projects/Multiple_Guns_Game/Content/FirstPerson/Character/Materials/MaterialLayers/T_ML_Rubber_Blue_01_D.uasset" 177
"../../../../../../Unreal Projects/Multiple_Guns_Game/Content/FirstPerson/Character/Materials/MaterialLayers/T_ML_Rubber_Blue_01_N.uasset" 178
"../../../../../../Unreal Projects/Multiple_Guns_Game/Content/FirstPerson/Character/Materials/MaterialLayers/ML_GlossyBlack_Latex_UE4.uasset" 179
"../../../../../../Unreal Projects/Multiple_Guns_Game/Content/FirstPerson/Character/Materials/MaterialLayers/ML_Plastic_Shiny_Beige.uasset" 180
"../../../../../../Unreal Projects/Multiple_Guns_Game/Content/FirstPerson/Character/Textures/UE4_LOGO_CARD.uasset" 181
"../../../../../../Unreal Projects/Multiple_Guns_Game/Content/FirstPerson/Character/Materials/MaterialLayers/ML_Plastic_Shiny_Beige_LOGO.uasset" 182
"../../../../../../Unreal Projects/Multiple_Guns_Game/Content/FirstPerson/Character/Materials/MaterialLayers/T_ML_Aluminum01.uasset" 183
"../../../../../../Unreal Projects/Multiple_Guns_Game/Content/FirstPerson/Character/Materials/MaterialLayers/T_ML_Aluminum01_N.uasset" 184
"../../../../../../Unreal Projects/Multiple_Guns_Game/Content/FirstPerson/Character/Materials/MaterialLayers/ML_SoftMetal_UE4.uasset" 185
"../../../../../../Unreal Projects/Multiple_Guns_Game/Content/FirstPerson/Character/Textures/UE4_Mannequin__normals.uasset" 186
"../../../../../../Unreal Projects/Multiple_Guns_Game/Content/FirstPerson/Character/Textures/UE4_Mannequin_MAT_MASKA.uasset" 187
"../../../../../../Unreal Projects/Multiple_Guns_Game/Content/FirstPerson/Character/Materials/M_UE4Man_Body.uasset" 188
"../../../../../../Unreal Projects/Multiple_Guns_Game/Content/FirstPerson/Character/Mesh/SK_Mannequin_Arms_PhysicsAsset.uasset" 189
"../../../../../../Unreal Projects/Multiple_Guns_Game/Content/FirstPerson/Character/Mesh/SK_Mannequin_Arms.uasset" 190
"../../../../../../Unreal Projects/Multiple_Guns_Game/Content/FirstPersonBP/Blueprints/FirstPersonCharacter.uasset" 191
"../../../../../../Unreal Projects/Multiple_Guns_Game/Content/Custom/scripts/guns/misc/Grenade_Force.uasset" 192
"../../../../../../Unreal Projects/Multiple_Guns_Game/Content/FirstPerson/Meshes/BaseMaterial.uasset" 193
"../../../../../../Unreal Projects/Multiple_Guns_Game/Content/FirstPerson/Meshes/FirstPersonProjectileMaterial.uasset" 194
"../../../../../../Unreal Projects/Multiple_Guns_Game/Content/Custom/sound/weapons/cannonballexplo.uasset" 195
"../../../../../../Unreal Projects/Multiple_Guns_Game/Content/FirstPerson/Meshes/FirstPersonProjectileMesh.uasset" 196
"../../../../../../Unreal Projects/Multiple_Guns_Game/Content/StarterContent/Textures/T_Explosion_SubUV.uasset" 197
"../../../../../../Unreal Projects/Multiple_Guns_Game/Content/StarterContent/Particles/Materials/M_explosion_subUV.uasset" 198
"../../../../../../Unreal Projects/Multiple_Guns_Game/Content/StarterContent/Textures/T_Smoke_SubUV.uasset" 199
"../../../../../../Unreal Projects/Multiple_Guns_Game/Content/StarterContent/Textures/T_Smoke_Tiled_D.uasset" 200
"../../../../../../Unreal Projects/Multiple_Guns_Game/Content/StarterContent/Particles/Materials/M_smoke_subUV.uasset" 201
"../../../../../../Unreal Projects/Multiple_Guns_Game/Content/StarterContent/Particles/P_Explosion.uasset" 202
"../../../../../../Unreal Projects/Multiple_Guns_Game/Content/Custom/scripts/guns/misc/Base_Projectile.uasset" 203
"../../../../../../Unreal Projects/Multiple_Guns_Game/Content/Custom/scripts/guns/misc/CriticalDamage.uasset" 204
"../../../../../../Unreal Projects/Multiple_Guns_Game/Content/Custom/scripts/player/viewbob/Recoil.uasset" 205
"../../../../../../Unreal Projects/Multiple_Guns_Game/Content/Custom/materials/decals/bigshot.uasset" 206
"../../../../../../Unreal Projects/Multiple_Guns_Game/Content/Custom/materials/decals/bullethole.uasset" 207
"../../../../../../Unreal Projects/Multiple_Guns_Game/Content/Custom/materials/effects/muzzleflash/fire_muzzle.uasset" 208
"../../../Engine/Content/Functions/Engine_MaterialFunctions01/Opacity/CameraDepthFade.uasset" 209
"../../../Engine/Content/EngineMaterials/T_Default_Material_Grid_M.uasset" 210
"../../../Engine/Content/EngineMaterials/T_Default_Material_Grid_N.uasset" 211
"../../../Engine/Content/EngineMaterials/WorldGridMaterial.uasset" 212
"../../../Engine/Content/BasicShapes/Plane.uasset" 213
"../../../../../../Unreal Projects/Multiple_Guns_Game/Content/Custom/scripts/guns/misc/Sparks_Hit.uasset" 214
"../../../../../../Unreal Projects/Multiple_Guns_Game/Content/Custom/sound/weapons/crit.uasset" 215
"../../../../../../Unreal Projects/Multiple_Guns_Game/Content/Custom/sound/weapons/pistol_empty.uasset" 216
"../../../../../../Unreal Projects/Multiple_Guns_Game/Content/FirstPerson/Audio/FirstPersonTemplateWeaponFire02.uasset" 217
"../../../../../../Unreal Projects/Multiple_Guns_Game/Content/FirstPerson/FPWeapon/Materials/MaterialLayers/T_ML_Rubber_Blue_01_D.uasset" 218
"../../../../../../Unreal Projects/Multiple_Guns_Game/Content/FirstPerson/FPWeapon/Materials/MaterialLayers/T_ML_Rubber_Blue_01_N.uasset" 219
"../../../../../../Unreal Projects/Multiple_Guns_Game/Content/FirstPerson/FPWeapon/Materials/MaterialLayers/ML_GlossyBlack_Latex_UE4.uasset" 220
"../../../../../../Unreal Projects/Multiple_Guns_Game/Content/FirstPerson/FPWeapon/Materials/MaterialLayers/ML_Plastic_Shiny_Beige.uasset" 221
"../../../../../../Unreal Projects/Multiple_Guns_Game/Content/FirstPerson/FPWeapon/Materials/MaterialLayers/ML_Screen.uasset" 222
"../../../../../../Unreal Projects/Multiple_Guns_Game/Content/FirstPerson/FPWeapon/Materials/MaterialLayers/T_ML_Aluminum01.uasset" 223
"../../../../../../Unreal Projects/Multiple_Guns_Game/Content/FirstPerson/FPWeapon/Materials/MaterialLayers/T_ML_Aluminum01_N.uasset" 224
"../../../../../../Unreal Projects/Multiple_Guns_Game/Content/FirstPerson/FPWeapon/Materials/MaterialLayers/ML_SoftMetal_UE4.uasset" 225
"../../../../../../Unreal Projects/Multiple_Guns_Game/Content/FirstPerson/FPWeapon/Textures/T_FPGun_M.uasset" 226
"../../../../../../Unreal Projects/Multiple_Guns_Game/Content/FirstPerson/FPWeapon/Textures/T_FPGun_N.uasset" 227
"../../../../../../Unreal Projects/Multiple_Guns_Game/Content/FirstPerson/FPWeapon/Materials/M_FPGun.uasset" 228
"../../../../../../Unreal Projects/Multiple_Guns_Game/Content/FirstPerson/FPWeapon/Mesh/SK_FPGun_Skeleton.uasset" 229
"../../../../../../Unreal Projects/Multiple_Guns_Game/Content/FirstPerson/FPWeapon/Mesh/SK_FPGun.uasset" 230
"../../../../../../Unreal Projects/Multiple_Guns_Game/Content/Custom/scripts/guns/BaseGun.uasset" 231
"../../../../../../Unreal Projects/Multiple_Guns_Game/Content/Custom/materials/weapons/minigun/Ship_Gun_Material_BaseColor.uasset" 232
"../../../../../../Unreal Projects/Multiple_Guns_Game/Content/Custom/materials/weapons/minigun/Ship_Gun_Material_Emissive.uasset" 233
"../../../../../../Unreal Projects/Multiple_Guns_Game/Content/Custom/materials/weapons/minigun/Ship_Gun_Material_Metallic.uasset" 234
"../../../../../../Unreal Projects/Multiple_Guns_Game/Content/Custom/materials/weapons/minigun/Ship_Gun_Material_Normal.uasset" 235
"../../../../../../Unreal Projects/Multiple_Guns_Game/Content/Custom/materials/weapons/minigun/Ship_Gun_Material_Roughness.uasset" 236
"../../../../../../Unreal Projects/Multiple_Guns_Game/Content/Custom/materials/weapons/minigun/Ship_Gun1.uasset" 237
"../../../../../../Unreal Projects/Multiple_Guns_Game/Content/Custom/models/Ship_Gun_PhysicsAsset.uasset" 238
"../../../../../../Unreal Projects/Multiple_Guns_Game/Content/Custom/models/Ship_Gun.uasset" 239
"../../../../../../Unreal Projects/Multiple_Guns_Game/Content/Custom/sound/weapons/laser_gun_fire3.uasset" 240
"../../../../../../Unreal Projects/Multiple_Guns_Game/Content/Custom/sound/weapons/shipgun_fire1.uasset" 241
"../../../../../../Unreal Projects/Multiple_Guns_Game/Content/Custom/sound/weapons/shipgun_fire2.uasset" 242
"../../../../../../Unreal Projects/Multiple_Guns_Game/Content/Custom/sound/weapons/soundgun_altfire1.uasset" 243
"../../../../../../Unreal Projects/Multiple_Guns_Game/Content/Custom/sound/weapons/shipgun_alt.uasset" 244
"../../../../../../Unreal Projects/Multiple_Guns_Game/Content/Custom/sound/weapons/shipgun_fire.uasset" 245
"../../../../../../Unreal Projects/Multiple_Guns_Game/Content/Custom/scripts/guns/AutoCannon.uasset" 246
"../../../../../../Unreal Projects/Multiple_Guns_Game/Content/Custom/scripts/guns/Minigun.uasset" 247
"../../../../../../Unreal Projects/Multiple_Guns_Game/Content/Custom/scripts/player/viewbob/Recoil_Alt.uasset" 248
"../../../../../../Unreal Projects/Multiple_Guns_Game/Content/Custom/scripts/player/viewbob/Viewbob_Run.uasset" 249
"../../../../../../Unreal Projects/Multiple_Guns_Game/Content/Custom/sound/entities/boostpad1.uasset" 250
"../../../../../../Unreal Projects/Multiple_Guns_Game/Content/Custom/sound/entities/boostpad2.uasset" 251
"../../../../../../Unreal Projects/Multiple_Guns_Game/Content/Custom/sound/entities/boostpad3.uasset" 252
"../../../../../../Unreal Projects/Multiple_Guns_Game/Content/Custom/sound/entities/boostpad4.uasset" 253
"../../../../../../Unreal Projects/Multiple_Guns_Game/Content/Custom/sound/entities/boostpad5.uasset" 254
"../../../../../../Unreal Projects/Multiple_Guns_Game/Content/Custom/sound/entities/boostpad6.uasset" 255
"../../../../../../Unreal Projects/Multiple_Guns_Game/Content/Custom/sound/entities/jumppad1.uasset" 256
"../../../../../../Unreal Projects/Multiple_Guns_Game/Content/Custom/sound/entities/jumppad2.uasset" 257
"../../../../../../Unreal Projects/Multiple_Guns_Game/Content/Custom/sound/entities/jumppad3.uasset" 258
"../../../../../../Unreal Projects/Multiple_Guns_Game/Content/Custom/sound/entities/jumppad4.uasset" 259
"../../../../../../Unreal Projects/Multiple_Guns_Game/Content/Custom/sound/entities/jumppad5.uasset" 260
"../../../../../../Unreal Projects/Multiple_Guns_Game/Content/Custom/sound/entities/jumppad6.uasset" 261
"../../../../../../Unreal Projects/Multiple_Guns_Game/Content/Custom/sound/player/concrete1.uasset" 262
"../../../../../../Unreal Projects/Multiple_Guns_Game/Content/Custom/sound/player/concrete2.uasset" 263
"../../../../../../Unreal Projects/Multiple_Guns_Game/Content/Custom/sound/player/concrete3.uasset" 264
"../../../../../../Unreal Projects/Multiple_Guns_Game/Content/Custom/sound/player/concrete4.uasset" 265
"../../../../../../Unreal Projects/Multiple_Guns_Game/Content/Custom/sound/player/dash1.uasset" 266
"../../../../../../Unreal Projects/Multiple_Guns_Game/Content/Custom/sound/player/dash2.uasset" 267
"../../../../../../Unreal Projects/Multiple_Guns_Game/Content/Custom/sound/weapons/357_fire2.uasset" 268
"../../../../../../Unreal Projects/Multiple_Guns_Game/Content/Custom/sound/weapons/357_fire3.uasset" 269
"../../../../../../Unreal Projects/Multiple_Guns_Game/Content/Custom/sound/weapons/batsaber_swing_crit2.uasset" 270
"../../../../../../Unreal Projects/Multiple_Guns_Game/Content/Custom/sound/weapons/batsaber_swing_crit3.uasset" 271
"../../../../../../Unreal Projects/Multiple_Guns_Game/Content/Custom/sound/weapons/laser_gun_fire.uasset" 272
"../../../../../../Unreal Projects/Multiple_Guns_Game/Content/Custom/sound/weapons/laser_gun_fire2.uasset" 273
"../../../../../../Unreal Projects/Multiple_Guns_Game/Content/Custom/sound/weapons/pistol_fire1.uasset" 274
"../../../../../../Unreal Projects/Multiple_Guns_Game/Content/Custom/sound/weapons/pistol_fire2.uasset" 275
"../../../../../../Unreal Projects/Multiple_Guns_Game/Content/Custom/sound/weapons/soundgun_fire1.uasset" 276
"../../../../../../Unreal Projects/Multiple_Guns_Game/Content/Custom/sound/weapons/soundgun_fire2.uasset" 277
"../../../../../../Unreal Projects/Multiple_Guns_Game/Content/Custom/sound/weapons/soundshotgun_fire1.uasset" 278
"../../../../../../Unreal Projects/Multiple_Guns_Game/Content/Custom/sound/weapons/soundshotgun_fire2.uasset" 279
"../../../../../../Unreal Projects/Multiple_Guns_Game/Content/Custom/sound/weapons/wpn_moveselect.uasset" 280
"../../../../../../Unreal Projects/Multiple_Guns_Game/Content/FirstPerson/Character/Mesh/FirstPersonAnimBlueprint_Copy.uasset" 281
"../../../../../../Unreal Projects/Multiple_Guns_Game/Content/FirstPerson/FPWeapon/Materials/MaterialLayers/ML_Plastic_Shiny_Beige_LOGO.uasset" 282
"../../../../../../Unreal Projects/Multiple_Guns_Game/Content/FirstPerson/FPWeapon/Materials/MaterialLayers/T_ML_FineRubber.uasset" 283
"../../../../../../Unreal Projects/Multiple_Guns_Game/Content/FirstPerson/FPWeapon/Mesh/SK_FPGun_PhysicsAsset.uasset" 284
"../../../../../../Unreal Projects/Multiple_Guns_Game/Content/FirstPerson/Meshes/CubeMaterialOverride.uasset" 285
"../../../../../../Unreal Projects/Multiple_Guns_Game/Content/FirstPersonBP/FirstPersonOverview.uasset" 286
"../../../../../../Unreal Projects/Multiple_Guns_Game/Content/Mannequin/Character/Mesh/UE4_Mannequin_Skeleton.uasset" 287
"../../../../../../Unreal Projects/Multiple_Guns_Game/Content/Mannequin/Animations/ThirdPersonJump_End.uasset" 288
"../../../../../../Unreal Projects/Multiple_Guns_Game/Content/StarterContent/Architecture/Pillar_50x500.uasset" 289
"../../../../../../Unreal Projects/Multiple_Guns_Game/Content/StarterContent/Architecture/Wall_400x300.uasset" 290
"../../../../../../Unreal Projects/Multiple_Guns_Game/Content/StarterContent/Architecture/Wall_400x400.uasset" 291
"../../../../../../Unreal Projects/Multiple_Guns_Game/Content/StarterContent/Architecture/Wall_500x500.uasset" 292
"../../../../../../Unreal Projects/Multiple_Guns_Game/Content/StarterContent/Architecture/Wall_Door_400x400.uasset" 293
"../../../../../../Unreal Projects/Multiple_Guns_Game/Content/StarterContent/Architecture/Wall_Window_400x400.uasset" 294
"../../../../../../Unreal Projects/Multiple_Guns_Game/Content/StarterContent/Audio/Collapse01.uasset" 295
"../../../../../../Unreal Projects/Multiple_Guns_Game/Content/StarterContent/Audio/Collapse02.uasset" 296
"../../../../../../Unreal Projects/Multiple_Guns_Game/Content/StarterContent/Audio/Explosion01.uasset" 297
"../../../../../../Unreal Projects/Multiple_Guns_Game/Content/StarterContent/Audio/Explosion02.uasset" 298
"../../../../../../Unreal Projects/Multiple_Guns_Game/Content/StarterContent/Audio/Fire01.uasset" 299
"../../../../../../Unreal Projects/Multiple_Guns_Game/Content/StarterContent/Audio/Fire_Sparks01.uasset" 300
"../../../../../../Unreal Projects/Multiple_Guns_Game/Content/StarterContent/Audio/Light01.uasset" 301
"../../../../../../Unreal Projects/Multiple_Guns_Game/Content/StarterContent/Audio/Light01_Cue.uasset" 302
"../../../../../../Unreal Projects/Multiple_Guns_Game/Content/StarterContent/Audio/Light02.uasset" 303
"../../../../../../Unreal Projects/Multiple_Guns_Game/Content/StarterContent/Audio/Light02_Cue.uasset" 304
"../../../../../../Unreal Projects/Multiple_Guns_Game/Content/StarterContent/Audio/Smoke01.uasset" 305
"../../../../../../Unreal Projects/Multiple_Guns_Game/Content/StarterContent/Audio/Starter_Birds01.uasset" 306
"../../../../../../Unreal Projects/Multiple_Guns_Game/Content/StarterContent/Audio/Starter_Music01.uasset" 307
"../../../../../../Unreal Projects/Multiple_Guns_Game/Content/StarterContent/Audio/Starter_Wind05.uasset" 308
"../../../../../../Unreal Projects/Multiple_Guns_Game/Content/StarterContent/Audio/Starter_Wind06.uasset" 309
"../../../../../../Unreal Projects/Multiple_Guns_Game/Content/StarterContent/Audio/Steam01.uasset" 310
"../../../../../../Unreal Projects/Multiple_Guns_Game/Content/StarterContent/Audio/Explosion_Cue.uasset" 311
"../../../../../../Unreal Projects/Multiple_Guns_Game/Content/StarterContent/Blueprints/Blueprint_Effect_Explosion.uasset" 312
"../../../Engine/Content/EditorMeshes/ColorCalibrator/T_ColorGrid.uasset" 313
"../../../../../../Unreal Projects/Multiple_Guns_Game/Content/StarterContent/Materials/M_ColorGrid_LowSpec.uasset" 314
"../../../../../../Unreal Projects/Multiple_Guns_Game/Content/StarterContent/Textures/T_Bush_D.uasset" 315
"../../../../../../Unreal Projects/Multiple_Guns_Game/Content/StarterContent/Textures/T_Bush_N.uasset" 316
"../../../../../../Unreal Projects/Multiple_Guns_Game/Content/StarterContent/Props/Materials/M_Bush.uasset" 317
"../../../../../../Unreal Projects/Multiple_Guns_Game/Content/StarterContent/Props/SM_Bush.uasset" 318
"../../../../../../Unreal Projects/Multiple_Guns_Game/Content/StarterContent/Textures/T_Chair_M.uasset" 319
"../../../../../../Unreal Projects/Multiple_Guns_Game/Content/StarterContent/Textures/T_Chair_N.uasset" 320
"../../../../../../Unreal Projects/Multiple_Guns_Game/Content/StarterContent/Props/Materials/M_Chair.uasset" 321
"../../../../../../Unreal Projects/Multiple_Guns_Game/Content/StarterContent/Props/SM_Couch.uasset" 322
"../../../../../../Unreal Projects/Multiple_Guns_Game/Content/StarterContent/Materials/M_Glass.uasset" 323
"../../../../../../Unreal Projects/Multiple_Guns_Game/Content/StarterContent/Textures/T_Door_M.uasset" 324
"../../../../../../Unreal Projects/Multiple_Guns_Game/Content/StarterContent/Textures/T_Door_N.uasset" 325
"../../../../../../Unreal Projects/Multiple_Guns_Game/Content/StarterContent/Props/Materials/M_Door.uasset" 326
"../../../../../../Unreal Projects/Multiple_Guns_Game/Content/StarterContent/Props/SM_Door.uasset" 327
"../../../../../../Unreal Projects/Multiple_Guns_Game/Content/StarterContent/Props/Materials/M_MaterialSphere.uasset" 328
"../../../../../../Unreal Projects/Multiple_Guns_Game/Content/StarterContent/Props/Materials/M_MaterialSphere_Plain.uasset" 329
"../../../../../../Unreal Projects/Multiple_Guns_Game/Content/StarterContent/Props/SM_MatPreviewMesh_02.uasset" 330
"../../../../../../Unreal Projects/Multiple_Guns_Game/Content/StarterContent/Textures/T_Shelf_M.uasset" 331
"../../../../../../Unreal Projects/Multiple_Guns_Game/Content/StarterContent/Textures/T_Shelf_N.uasset" 332
"../../../../../../Unreal Projects/Multiple_Guns_Game/Content/StarterContent/Props/Materials/M_Shelf.uasset" 333
"../../../../../../Unreal Projects/Multiple_Guns_Game/Content/StarterContent/Props/SM_Shelf.uasset" 334
"../../../../../../Unreal Projects/Multiple_Guns_Game/Content/StarterContent/Materials/M_Basic_Floor.uasset" 335
"../../../../../../Unreal Projects/Multiple_Guns_Game/Content/StarterContent/Props/SM_Stairs.uasset" 336
"../../../../../../Unreal Projects/Multiple_Guns_Game/Content/StarterContent/Shapes/Shape_Cone.uasset" 337
"../../../../../../Unreal Projects/Multiple_Guns_Game/Content/StarterContent/Shapes/Shape_Cylinder.uasset" 338
"../../../../../../Unreal Projects/Multiple_Guns_Game/Content/StarterContent/Shapes/Shape_NarrowCapsule.uasset" 339
"../../../../../../Unreal Projects/Multiple_Guns_Game/Content/StarterContent/Shapes/Shape_Pipe_180.uasset" 340
"../../../../../../Unreal Projects/Multiple_Guns_Game/Content/StarterContent/Shapes/Shape_Pipe_90.uasset" 341
"../../../../../../Unreal Projects/Multiple_Guns_Game/Content/StarterContent/Shapes/Shape_Trim.uasset" 342
"../../../../../../Unreal Projects/Multiple_Guns_Game/Content/StarterContent/Shapes/Shape_Trim_90_In.uasset" 343
"../../../../../../Unreal Projects/Multiple_Guns_Game/Content/StarterContent/Shapes/Shape_Trim_90_Out.uasset" 344
"../../../../../../Unreal Projects/Multiple_Guns_Game/Content/StarterContent/Shapes/Shape_Wedge_A.uasset" 345
"../../../../../../Unreal Projects/Multiple_Guns_Game/Content/StarterContent/Shapes/Shape_Wedge_B.uasset" 346
"../../../../../../Unreal Projects/Multiple_Guns_Game/Content/StarterContent/Shapes/Shape_WideCapsule.uasset" 347
"../../../../../../Unreal Projects/Multiple_Guns_Game/Content/ThirdPersonBP/ThirdPersonOverview.uasset" 348
"../../../../../../Unreal Projects/Multiple_Guns_Game/Content/Mannequin/Animations/ThirdPerson_Jump.uasset" 349
"../../../../../../Unreal Projects/Multiple_Guns_Game/Content/Mannequin/Animations/ThirdPersonJump_Loop.uasset" 350
"../../../../../../Unreal Projects/Multiple_Guns_Game/Content/Mannequin/Animations/ThirdPersonJump_Start.uasset" 351
"../../../../../../Unreal Projects/Multiple_Guns_Game/Content/Mannequin/Animations/ThirdPersonIdle.uasset" 352
"../../../../../../Unreal Projects/Multiple_Guns_Game/Content/Mannequin/Animations/ThirdPersonRun.uasset" 353
"../../../../../../Unreal Projects/Multiple_Guns_Game/Content/Mannequin/Animations/ThirdPersonWalk.uasset" 354
"../../../../../../Unreal Projects/Multiple_Guns_Game/Content/Mannequin/Animations/ThirdPerson_IdleRun_2D.uasset" 355
"../../../../../../Unreal Projects/Multiple_Guns_Game/Content/Mannequin/Animations/ThirdPerson_AnimBP.uasset" 356
"../../../../../../Unreal Projects/Multiple_Guns_Game/Content/Mannequin/Character/Materials/M_UE4Man_Body.uasset" 357
"../../../../../../Unreal Projects/Multiple_Guns_Game/Content/Mannequin/Character/Textures/UE4Man_Logo_N.uasset" 358
"../../../../../../Unreal Projects/Multiple_Guns_Game/Content/Mannequin/Character/Materials/M_UE4Man_ChestLogo.uasset" 359
"../../../../../../Unreal Projects/Multiple_Guns_Game/Content/Mannequin/Character/Mesh/SK_Mannequin_PhysicsAsset.uasset" 360
"../../../../../../Unreal Projects/Multiple_Guns_Game/Content/Mannequin/Character/Mesh/SK_Mannequin.uasset" 361
"../../../../../../Unreal Projects/Multiple_Guns_Game/Content/ThirdPersonBP/Blueprints/ThirdPersonCharacter.uasset" 362
"../../../../../../Unreal Projects/Multiple_Guns_Game/Content/ThirdPersonBP/Blueprints/ThirdPersonGameMode.uasset" 363
"../../../Engine/Content/Animation/DefaultAnimCurveCompressionSettings.uasset" 364
"../../../Engine/Content/ArtTools/RenderToTexture/Meshes/S_1_Unit_Plane.uasset" 365
"../../../Engine/Content/EngineMaterials/DefaultMaterial.uasset" 366
"../../../Engine/Content/BasicShapes/Cone.uasset" 367
"../../../Engine/Content/BasicShapes/Cylinder.uasset" 368
"../../../Engine/Content/BasicShapes/Sphere.uasset" 369
"../../../Engine/Content/EditorLandscapeResources/DataLayer.uasset" 370
"../../../Engine/Content/EditorMaterials/MAT_Groups_Toggle.uasset" 371
"../../../Engine/Content/EditorMaterials/MAT_Groups_Visibility.uasset" 372
"../../../Engine/Content/EditorMaterials/PreviewShadowIndicator.uasset" 373
"../../../Engine/Content/EditorMaterials/PreviewShadowIndicatorMaterial.uasset" 374
"../../../Engine/Content/EditorMaterials/MatineeGroups/MAT_ColorTrack.uasset" 375
"../../../Engine/Content/EditorMaterials/MatineeGroups/MAT_Groups_Anim.uasset" 376
"../../../Engine/Content/EditorMaterials/MatineeGroups/MAT_Groups_AudioMaster.uasset" 377
"../../../Engine/Content/EditorMaterials/MatineeGroups/MAT_Groups_Director.uasset" 378
"../../../Engine/Content/EditorMaterials/MatineeGroups/MAT_Groups_Event.uasset" 379
"../../../Engine/Content/EditorMaterials/MatineeGroups/MAT_Groups_Fade.uasset" 380
"../../../Engine/Content/EditorMaterials/MatineeGroups/MAT_Groups_Float.uasset" 381
"../../../Engine/Content/EditorMaterials/MatineeGroups/MAT_Groups_Move.uasset" 382
"../../../Engine/Content/EditorMaterials/MatineeGroups/MAT_Groups_Slomo.uasset" 383
"../../../Engine/Content/EditorMaterials/MatineeGroups/MAT_Groups_Sound.uasset" 384
"../../../Engine/Content/EditorMaterials/MatineeGroups/MAT_Groups_Vector.uasset" 385
"../../../Engine/Content/EditorMaterials/ParticleSystems/PSysThumbnail_NoImage.uasset" 386
"../../../Engine/Content/EditorMaterials/ParticleSystems/PSysThumbnail_OOD.uasset" 387
"../../../Engine/Content/EditorMaterials/Camera/CineMat.uasset" 388
"../../../Engine/Content/EditorMaterials/Camera/MI_CineMat_Rig.uasset" 389
"../../../Engine/Content/EditorMeshes/Camera/SM_CraneRig_Arm.uasset" 390
"../../../Engine/Content/EditorMeshes/Camera/SM_CraneRig_Base.uasset" 391
"../../../Engine/Content/EditorMeshes/Camera/SM_CraneRig_Body.uasset" 392
"../../../Engine/Content/EditorMeshes/Camera/SM_CraneRig_Mount.uasset" 393
"../../../Engine/Content/EditorMeshes/Camera/SM_RailRig_Mount.uasset" 394
"../../../Engine/Content/EditorMeshes/Camera/SM_RailRig_Track.uasset" 395
"../../../Engine/Content/EditorResources/BSPVertex.uasset" 396
"../../../Engine/Content/EditorResources/EmptyActor.uasset" 397
"../../../Engine/Content/EditorResources/S_Actor.uasset" 398
"../../../Engine/Content/EditorResources/S_Note.uasset" 399
"../../../Engine/Content/EditorResources/S_Solver.uasset" 400
"../../../Engine/Content/EditorResources/S_Trigger.uasset" 401
"../../../Engine/Content/EditorResources/AudioIcons/S_AudioComponent.uasset" 402
"../../../Engine/Content/EditorResources/AudioIcons/S_AudioComponent_AutoActivate.uasset" 403
"../../../Engine/Content/EditorResources/LightIcons/S_LightError.uasset" 404
"../../../Engine/Content/EditorResources/SequenceRecorder/Countdown.uasset" 405
"../../../Engine/Content/EditorResources/SequenceRecorder/RecordingIndicator.uasset" 406
"../../../Engine/Content/EditorSounds/Notifications/CompileFailed.uasset" 407
"../../../Engine/Content/EditorSounds/Notifications/CompileFailed_Cue.uasset" 408
"../../../Engine/Content/EditorSounds/Notifications/CompileSuccess.uasset" 409
"../../../Engine/Content/EditorSounds/Notifications/CompileStart_Cue.uasset" 410
"../../../Engine/Content/EditorSounds/Notifications/CompileSuccess_Cue.uasset" 411
"../../../Engine/Content/EngineDamageTypes/DmgTypeBP_Environmental.uasset" 412
"../../../Engine/Content/EngineDebugMaterials/DebugEditorMaterial.uasset" 413
"../../../Engine/Content/EngineDebugMaterials/DebugMeshMaterial.uasset" 414
"../../../Engine/Content/EngineDebugMaterials/M_SimpleTranslucent.uasset" 415
"../../../Engine/Content/Functions/Engine_MaterialFunctions02/Utility/CameraDirectionVector.uasset" 416
"../../../Engine/Content/EngineDebugMaterials/VolumeToRender.uasset" 417
"../../../Engine/Content/EngineDebugMaterials/M_VolumeRenderSphereTracePP.uasset" 418
"../../../Engine/Content/EngineDebugMaterials/WireframeMaterial.uasset" 419
"../../../Engine/Content/EngineFonts/Faces/DroidSansFallback.uasset" 420
"../../../Engine/Content/EngineFonts/Faces/RobotoBold.uasset" 421
"../../../Engine/Content/EngineFonts/Faces/RobotoBoldItalic.uasset" 422
"../../../Engine/Content/EngineFonts/Faces/RobotoItalic.uasset" 423
"../../../Engine/Content/EngineFonts/Faces/RobotoLight.uasset" 424
"../../../Engine/Content/EngineFonts/Faces/RobotoRegular.uasset" 425
"../../../Engine/Content/EngineFonts/Roboto.uasset" 426
"../../../Engine/Content/EngineMaterials/BaseFlattenDiffuseMap.uasset" 427
"../../../Engine/Content/EngineMaterials/BaseFlattenEmissiveMap.uasset" 428
"../../../Engine/Content/EngineMaterials/BaseFlattenGrayscaleMap.uasset" 429
"../../../Engine/Content/EngineMaterials/BaseFlattenNormalMap.uasset" 430
"../../../Engine/Content/EngineMaterials/BaseFlattenMaterial.uasset" 431
"../../../Engine/Content/EngineMaterials/BlueNoise.uasset" 432
"../../../Engine/Content/EngineMaterials/DefaultBloomKernel.uasset" 433
"../../../Engine/Content/EngineMaterials/DefaultBokeh.uasset" 434
"../../../Engine/Content/EngineMaterials/DefaultDiffuse.uasset" 435
"../../../Engine/Content/EngineMaterials/DefaultDeferredDecalMaterial.uasset" 436
"../../../Engine/Content/EngineMaterials/DefaultLightFunctionMaterial.uasset" 437
"../../../Engine/Content/Functions/Engine_MaterialFunctions02/Utility/BreakOutFloat2Components.uasset" 438
"../../../Engine/Content/EngineMaterials/DefaultPostProcessMaterial.uasset" 439
"../../../Engine/Content/EngineFonts/RobotoDistanceField.uasset" 440
"../../../Engine/Content/EngineMaterials/DefaultTextMaterialOpaque.uasset" 441
"../../../Engine/Content/EngineMaterials/DefaultVirtualTextureMaterial.uasset" 442
"../../../Engine/Content/EngineMaterials/DefaultWhiteGrid.uasset" 443
"../../../Engine/Content/EngineMaterials/DefaultWhiteGrid_Low.uasset" 444
"../../../Engine/Content/EngineMaterials/EmissiveMeshMaterial.uasset" 445
"../../../Engine/Content/EngineMaterials/GizmoMaterial.uasset" 446
"../../../Engine/Content/EngineMaterials/Good64x64TilingNoiseHighFreq.uasset" 447
"../../../Engine/Content/EngineMaterials/HairDefaultMaterial.uasset" 448
"../../../Engine/Content/EngineMaterials/MiniFont.uasset" 449
"../../../Engine/Content/EngineMaterials/InvalidLightmapSettings.uasset" 450
"../../../Engine/Content/EngineMaterials/M_InvalidLightmapSettings.uasset" 451
"../../../Engine/Content/Functions/Engine_MaterialFunctions02/WorldPositionOffset/CameraOffset.uasset" 452
"../../../Engine/Content/EngineMaterials/PhAT_JointLimitMaterial.uasset" 453
"../../../Engine/Content/EngineMaterials/PreintegratedSkinBRDF.uasset" 454
"../../../Engine/Content/EngineMaterials/RemoveSurfaceMaterial.uasset" 455
"../../../Engine/Content/EngineMaterials/WeightMapPlaceholderTexture.uasset" 456
"../../../Engine/Content/EngineResources/WhiteSquareTexture.uasset" 457
"../../../Engine/Content/EngineMaterials/Widget3DPassThrough.uasset" 458
"../../../Engine/Content/EngineMaterials/Widget3DPassThrough_Masked.uasset" 459
"../../../Engine/Content/EngineMaterials/Widget3DPassThrough_Opaque.uasset" 460
"../../../Engine/Content/EngineMaterials/Widget3DPassThrough_Masked_OneSided.uasset" 461
"../../../Engine/Content/EngineMaterials/Widget3DPassThrough_Opaque_OneSided.uasset" 462
"../../../Engine/Content/EngineMaterials/Widget3DPassThrough_Translucent.uasset" 463
"../../../Engine/Content/EngineMaterials/Widget3DPassThrough_Translucent_OneSided.uasset" 464
"../../../Engine/Content/EngineMeshes/Cylinder.uasset" 465
"../../../Engine/Content/EngineMeshes/Sphere.uasset" 466
"../../../Engine/Content/EngineResources/Black.uasset" 467
"../../../Engine/Content/EngineResources/DefaultTexture.uasset" 468
"../../../Engine/Content/EngineResources/DefaultTextureCube.uasset" 469
"../../../Engine/Content/EngineResources/DefaultVolumeTexture2D.uasset" 470
"../../../Engine/Content/EngineResources/DefaultVolumeTexture.uasset" 471
"../../../Engine/Content/EngineResources/GradientTexture0.uasset" 472
"../../../Engine/Content/EngineSounds/Master.uasset" 473
"../../../Engine/Content/Functions/Engine_MaterialFunctions01/Shading/ConvertFromDiffSpec.uasset" 474
"../../../Engine/Content/Functions/Engine_MaterialFunctions01/Shading/PowerToRoughness.uasset" 475
"../../../Engine/Content/Maps/Templates/Thumbnails/Default.uasset" 476
"../../../Engine/Content/Maps/Templates/Thumbnails/TimeOfDay.uasset" 477
"../../../Engine/Content/Maps/Templates/Thumbnails/VR-Basic.uasset" 478
"../../../Engine/Content/MobileResources/T_MobileControls_texture.uasset" 479
"../../../Engine/Content/MobileResources/T_MobileMenu2.uasset" 480
"../../../Engine/Content/MobileResources/HUD/AnalogHat.uasset" 481
"../../../Engine/Content/MobileResources/HUD/VirtualJoystick_Background.uasset" 482
"../../../Engine/Content/MobileResources/HUD/VirtualJoystick_Thumb.uasset" 483
"../../../Engine/Content/MobileResources/HUD/DefaultVirtualJoysticks.uasset" 484
"../../../Engine/Content/MobileResources/HUD/LeftVirtualJoystickOnly.uasset" 485
"../../../Engine/Content/MobileResources/HUD/MobileHUDButton1_off.uasset" 486
"../../../Engine/Content/MobileResources/HUD/MobileHUDButton1_on.uasset" 487
"../../../Engine/Content/MobileResources/HUD/MobileHUDButton2_off.uasset" 488
"../../../Engine/Content/MobileResources/HUD/MobileHUDButton2_on.uasset" 489
"../../../Engine/Content/MobileResources/HUD/MobileHUDButton3.uasset" 490
"../../../Engine/Content/MobileResources/HUD/MobileHUDButtonFire.uasset" 491
"../../../Engine/Content/MobileResources/HUD/MobileHUDDirectionPad.uasset" 492
"../../../Engine/Content/MobileResources/HUD/MobileHUDDirectionPad2.uasset" 493
"../../../Engine/Content/MobileResources/HUD/MobileHUDDirectionPad3.uasset" 494
"../../../Engine/Content/MobileResources/HUD/MobileHUDDirectionStick.uasset" 495
"../../../Engine/Content/MobileResources/HUD/T_Castle_ThumbstickInner.uasset" 496
"../../../Engine/Content/MobileResources/HUD/T_Castle_ThumbstickOutter.uasset" 497
"../../../Engine/Content/Tutorial/ContentIntroCurve.uasset" 498
"../../../Engine/Content/Tutorial/Basics/LevelEditorAttract.uasset" 499
"../../../Engine/Content/Tutorial/Basics/TutorialAssets/icon_tab_Levels_40x.uasset" 500
"../../../Engine/Content/Tutorial/Basics/LevelEditorOverview.uasset" 501
"../../../Engine/Content/Tutorial/Installation/InstallingVisualStudioTutorial.uasset" 502
"../../../Engine/Content/VREditor/LaserPointer/VR_LaserPower_01.uasset" 503
"../../../Engine/Content/VREditor/TransformGizmo/TransformGizmoMaterial.uasset" 504
"../../../Engine/Content/VREditor/TransformGizmo/TranslucentTransformGizmoMaterial.uasset" 505
"../../../Engine/Content/VREditor/TransformGizmo/BoundingBoxCorner.uasset" 506
"../../../Engine/Content/VREditor/TransformGizmo/BoundingBoxEdge.uasset" 507
"../../../Engine/Content/VREditor/TransformGizmo/PlaneTranslationHandle.uasset" 508
"../../../Engine/Content/VREditor/TransformGizmo/Main.uasset" 509
"../../../Engine/Content/VREditor/TransformGizmo/Xray.uasset" 510
"../../../Engine/Content/VREditor/TransformGizmo/SM_Sequencer_Key.uasset" 511
"../../../Engine/Content/VREditor/TransformGizmo/SM_Sequencer_Node.uasset" 512
"../../Plugins/2D/Paper2D/Content/PlaceholderTextures/DummySpriteTexture.uasset" 513
"../../Plugins/2D/Paper2D/Content/DummySprite.uasset" 514
"../../Plugins/2D/Paper2D/Content/DefaultPaperTerrainMaterial.uasset" 515
"../../Plugins/2D/Paper2D/Content/DummySpriteTexture.uasset" 516
"../../Plugins/2D/Paper2D/Content/DefaultSpriteMaterial.uasset" 517
"../../Plugins/2D/Paper2D/Content/MaskedUnlitSpriteMaterial.uasset" 518
"../../Plugins/2D/Paper2D/Content/OpaqueUnlitSpriteMaterial.uasset" 519
"../../../Engine/Content/Functions/Engine_MaterialFunctions02/Utility/BreakOutFloat4Components.uasset" 520
"../../../Engine/Content/Functions/Engine_MaterialFunctions02/Utility/MakeFloat2.uasset" 521
"../../../Engine/Content/Functions/Engine_MaterialFunctions02/Utility/MakeFloat3.uasset" 522
"../../Plugins/Runtime/Oculus/OculusVR/Content/Materials/OculusMR_ChromaKey.uasset" 523
"../../Plugins/Runtime/Oculus/OculusVR/Content/Materials/OculusMR_ChromaKey_Lit.uasset" 524
"../../Plugins/Runtime/Oculus/OculusVR/Content/Materials/OculusMR_OpaqueColoredMaterial.uasset" 525
"../../Plugins/Runtime/Oculus/OculusVR/Content/Materials/OculusMR_WhiteMaterial.uasset" 526
"../../../../../../Unreal Projects/Multiple_Guns_Game/Content/StarterContent/Textures/T_Tech_Panel_M.uasset" 527
"../../../../../../Unreal Projects/Multiple_Guns_Game/Content/StarterContent/Textures/T_Tech_Panel_N.uasset" 528
"../../../../../../Unreal Projects/Multiple_Guns_Game/Content/StarterContent/Materials/M_Tech_Panel.uasset" 529
"../../../../../../Unreal Projects/Multiple_Guns_Game/Content/StarterContent/Particles/Materials/M_Radial_Gradient.uasset" 530
"../../../../../../Unreal Projects/Multiple_Guns_Game/Content/StarterContent/Textures/T_Spark_Core.uasset" 531
"../../../../../../Unreal Projects/Multiple_Guns_Game/Content/StarterContent/Particles/Materials/M_Spark.uasset" 532
"../../../../../../Unreal Projects/Multiple_Guns_Game/Content/Custom/scripts/guns/misc/jumppad_effect.uasset" 533
"../../../../../../Unreal Projects/Multiple_Guns_Game/Content/Custom/sound/entities/boostpad.uasset" 534
"../../../../../../Unreal Projects/Multiple_Guns_Game/Content/Custom/scripts/entities/ent_boosterpad.uasset" 535
"../../../../../../Unreal Projects/Multiple_Guns_Game/Content/Custom/scripts/hud/Damage.uasset" 536
"../../../../../../Unreal Projects/Multiple_Guns_Game/Content/Custom/scripts/npc/Dummy.uasset" 537
"../../../Engine/Content/EngineSky/C_Sky_Cloud_Color.uasset" 538
"../../../Engine/Content/EngineSky/C_Sky_Horizon_Color.uasset" 539
"../../../Engine/Content/EngineSky/C_Sky_Zenith_Color.uasset" 540
"../../../Engine/Content/EngineSky/T_Sky_Blue.uasset" 541
"../../../Engine/Content/EngineSky/T_Sky_Clouds_M.uasset" 542
"../../../Engine/Content/EngineSky/T_Sky_Stars.uasset" 543
"../../../Engine/Content/EngineSky/M_Sky_Panning_Clouds2.uasset" 544
"../../../Engine/Content/EngineSky/SM_SkySphere.uasset" 545
"../../../Engine/Content/EngineSky/BP_Sky_Sphere.uasset" 546
"../../../../../../Unreal Projects/Multiple_Guns_Game/Content/Custom/sound/entities/jumppad.uasset" 547
"../../../../../../Unreal Projects/Multiple_Guns_Game/Content/StarterContent/Textures/T_TableRound_M.uasset" 548
"../../../../../../Unreal Projects/Multiple_Guns_Game/Content/StarterContent/Textures/T_TableRound_N.uasset" 549
"../../../../../../Unreal Projects/Multiple_Guns_Game/Content/StarterContent/Props/Materials/M_TableRound.uasset" 550
"../../../../../../Unreal Projects/Multiple_Guns_Game/Content/StarterContent/Props/SM_TableRound.uasset" 551
"../../../../../../Unreal Projects/Multiple_Guns_Game/Content/Custom/scripts/entities/ent_jumppad.uasset" 552
"../../../../../../Unreal Projects/Multiple_Guns_Game/Content/Custom/materials/effects/teleport.uasset" 553
"../../../../../../Unreal Projects/Multiple_Guns_Game/Content/Custom/materials/effects/TeleportExit.uasset" 554
"../../../../../../Unreal Projects/Multiple_Guns_Game/Content/StarterContent/Textures/T_Tech_Hex_Tile_M.uasset" 555
"../../../../../../Unreal Projects/Multiple_Guns_Game/Content/StarterContent/Textures/T_Tech_Hex_Tile_N.uasset" 556
"../../../../../../Unreal Projects/Multiple_Guns_Game/Content/StarterContent/Materials/M_Tech_Hex_Tile.uasset" 557
"../../../Engine/Content/BasicShapes/Cube.uasset" 558
"../../../../../../Unreal Projects/Multiple_Guns_Game/Content/Custom/sound/player/resp2a.uasset" 559
"../../../../../../Unreal Projects/Multiple_Guns_Game/Content/StarterContent/Shapes/Shape_Pipe.uasset" 560
"../../../../../../Unreal Projects/Multiple_Guns_Game/Content/StarterContent/Shapes/Shape_Tube.uasset" 561
"../../../../../../Unreal Projects/Multiple_Guns_Game/Content/Custom/scripts/entities/ent_teleport.uasset" 562
"../../../../../../Unreal Projects/Multiple_Guns_Game/Content/StarterContent/Textures/T_Lamp_M.uasset" 563
"../../../../../../Unreal Projects/Multiple_Guns_Game/Content/StarterContent/Textures/T_Lamp_N.uasset" 564
"../../../../../../Unreal Projects/Multiple_Guns_Game/Content/StarterContent/Props/Materials/M_Lamp.uasset" 565
"../../../../../../Unreal Projects/Multiple_Guns_Game/Content/StarterContent/Props/SM_Lamp_Ceiling.uasset" 566
"../../../../../../Unreal Projects/Multiple_Guns_Game/Content/StarterContent/Blueprints/Blueprint_CeilingLight.uasset" 567
"../../../../../../Unreal Projects/Multiple_Guns_Game/Content/StarterContent/Props/SM_Lamp_Wall.uasset" 568
"../../../../../../Unreal Projects/Multiple_Guns_Game/Content/StarterContent/Blueprints/Blueprint_WallSconce.uasset" 569
"../../../../../../Unreal Projects/Multiple_Guns_Game/Content/FirstPersonBP/Maps/FirstPersonExampleMap_BuiltData.uasset" 570
"../../../../../../Unreal Projects/Multiple_Guns_Game/Content/StarterContent/Textures/T_Ground_Grass_D.uasset" 571
"../../../../../../Unreal Projects/Multiple_Guns_Game/Content/StarterContent/Textures/T_Ground_Grass_N.uasset" 572
"../../../../../../Unreal Projects/Multiple_Guns_Game/Content/StarterContent/Materials/M_Ground_Grass.uasset" 573
"../../../../../../Unreal Projects/Multiple_Guns_Game/Content/StarterContent/Textures/T_Rock_Basalt_D.uasset" 574
"../../../../../../Unreal Projects/Multiple_Guns_Game/Content/StarterContent/Textures/T_Rock_Basalt_N.uasset" 575
"../../../../../../Unreal Projects/Multiple_Guns_Game/Content/StarterContent/Materials/M_Rock_Basalt.uasset" 576
"../../../../../../Unreal Projects/Multiple_Guns_Game/Content/StarterContent/Textures/T_Rock_Slate_D.uasset" 577
"../../../../../../Unreal Projects/Multiple_Guns_Game/Content/StarterContent/Textures/T_Rock_Slate_N.uasset" 578
"../../../../../../Unreal Projects/Multiple_Guns_Game/Content/StarterContent/Materials/M_Rock_Slate.uasset" 579
"../../../../../../Unreal Projects/Multiple_Guns_Game/Content/StarterContent/Textures/T_RockMesh_M.uasset" 580
"../../../../../../Unreal Projects/Multiple_Guns_Game/Content/StarterContent/Textures/T_RockMesh_N.uasset" 581
"../../../../../../Unreal Projects/Multiple_Guns_Game/Content/StarterContent/Props/Materials/M_Rock.uasset" 582
"../../../Engine/Content/EngineMaterials/DefaultPhysicalMaterial.uasset" 583
"../../../../../../Unreal Projects/Multiple_Guns_Game/Content/StarterContent/Props/SM_Rock.uasset" 584
"../../../../../../Unreal Projects/Multiple_Guns_Game/Content/FirstPersonBP/Maps/FirstPersonExampleMap.umap" 585
"../../../../../../Unreal Projects/Multiple_Guns_Game/Content/StarterContent/Blueprints/Assets/FogBrightnessLUT.uasset" 586
"../../../../../../Unreal Projects/Multiple_Guns_Game/Content/StarterContent/Blueprints/Assets/SunlightColorLUT.uasset" 587
"../../../../../../Unreal Projects/Multiple_Guns_Game/Content/StarterContent/Blueprints/Assets/M_LightStage_Arrows.uasset" 588
"../../../Engine/Content/MapTemplates/Sky/DaylightAmbientCubemap.uasset" 589
"../../../../../../Unreal Projects/Multiple_Guns_Game/Content/StarterContent/Blueprints/Assets/M_LightStage_Skybox_Master.uasset" 590
"../../../../../../Unreal Projects/Multiple_Guns_Game/Content/StarterContent/Blueprints/Assets/M_LightStage_Skybox_Black.uasset" 591
"../../../../../../Unreal Projects/Multiple_Guns_Game/Content/StarterContent/Blueprints/Assets/M_LightStage_Skybox_HDRI.uasset" 592
"../../../Engine/Content/EditorMaterials/Thumbnails/SkySphereMaterial.uasset" 593
"../../../../../../Unreal Projects/Multiple_Guns_Game/Content/StarterContent/Blueprints/Assets/Skybox.uasset" 594
"../../../../../../Unreal Projects/Multiple_Guns_Game/Content/StarterContent/Blueprints/Assets/SM_Arrows.uasset" 595
"../../../../../../Unreal Projects/Multiple_Guns_Game/Content/StarterContent/HDRI/HDRI_Epic_Courtyard_Daylight.uasset" 596
"../../../../../../Unreal Projects/Multiple_Guns_Game/Content/StarterContent/Blueprints/BP_LightStudio.uasset" 597
"../../../../../../Unreal Projects/Multiple_Guns_Game/Content/StarterContent/Maps/Advanced_Lighting_BuiltData.uasset" 598
"../../../../../../Unreal Projects/Multiple_Guns_Game/Content/StarterContent/Materials/M_AssetPlatform.uasset" 599
"../../../Engine/Content/EditorMeshes/ColorCalibrator/M_ChromeBall.uasset" 600
"../../../Engine/Content/EditorMeshes/ColorCalibrator/M_ClearCoat.uasset" 601
"../../../Engine/Content/EditorMeshes/ColorCalibrator/M_ClearCoatBlack.uasset" 602
"../../../Engine/Content/EditorMeshes/ColorCalibrator/Color_checker.uasset" 603
"../../../Engine/Content/EditorMeshes/ColorCalibrator/M_ColorGrid.uasset" 604
"../../../Engine/Content/EditorMeshes/ColorCalibrator/M_GreyBall.uasset" 605
"../../../Engine/Content/EditorMeshes/ColorCalibrator/SM_ColorCalibrator.uasset" 606
"../../../../../../Unreal Projects/Multiple_Guns_Game/Content/StarterContent/Architecture/SM_AssetPlatform.uasset" 607
"../../../../../../Unreal Projects/Multiple_Guns_Game/Content/StarterContent/Maps/Advanced_Lighting.umap" 608
"../../../../../../Unreal Projects/Multiple_Guns_Game/Content/StarterContent/Maps/Minimal_Default_BuiltData.uasset" 609
"../../../../../../Unreal Projects/Multiple_Guns_Game/Content/StarterContent/Materials/M_Metal_Brushed_Nickel.uasset" 610
"../../../../../../Unreal Projects/Multiple_Guns_Game/Content/StarterContent/Textures/T_Metal_Aluminum_D.uasset" 611
"../../../../../../Unreal Projects/Multiple_Guns_Game/Content/StarterContent/Textures/T_Metal_Gold_N.uasset" 612
"../../../../../../Unreal Projects/Multiple_Guns_Game/Content/StarterContent/Materials/M_Metal_Burnished_Steel.uasset" 613
"../../../../../../Unreal Projects/Multiple_Guns_Game/Content/StarterContent/Textures/T_Metal_Copper_D.uasset" 614
"../../../../../../Unreal Projects/Multiple_Guns_Game/Content/StarterContent/Materials/M_Metal_Copper.uasset" 615
"../../../../../../Unreal Projects/Multiple_Guns_Game/Content/StarterContent/Textures/T_Statue_M.uasset" 616
"../../../../../../Unreal Projects/Multiple_Guns_Game/Content/StarterContent/Textures/T_Statue_N.uasset" 617
"../../../../../../Unreal Projects/Multiple_Guns_Game/Content/StarterContent/Props/Materials/M_StatueGlass.uasset" 618
"../../../../../../Unreal Projects/Multiple_Guns_Game/Content/StarterContent/Architecture/Floor_400x400.uasset" 619
"../../../../../../Unreal Projects/Multiple_Guns_Game/Content/StarterContent/Audio/Starter_Background_Cue.uasset" 620
"../../../../../../Unreal Projects/Multiple_Guns_Game/Content/StarterContent/Props/SM_Chair.uasset" 621
"../../../../../../Unreal Projects/Multiple_Guns_Game/Content/StarterContent/Props/Materials/M_Statue.uasset" 622
"../../../../../../Unreal Projects/Multiple_Guns_Game/Content/StarterContent/Props/SM_Statue.uasset" 623
"../../../../../../Unreal Projects/Multiple_Guns_Game/Content/StarterContent/Maps/Minimal_Default.umap" 624
"../../../../../../Unreal Projects/Multiple_Guns_Game/Content/StarterContent/Audio/Fire01_Cue.uasset" 625
"../../../../../../Unreal Projects/Multiple_Guns_Game/Content/StarterContent/Textures/T_Fire_SubUV.uasset" 626
"../../../../../../Unreal Projects/Multiple_Guns_Game/Content/StarterContent/Textures/T_Fire_Tiled_D.uasset" 627
"../../../../../../Unreal Projects/Multiple_Guns_Game/Content/StarterContent/Particles/Materials/M_Fire_SubUV.uasset" 628
"../../../../../../Unreal Projects/Multiple_Guns_Game/Content/StarterContent/Textures/T_Water_N.uasset" 629
"../../../../../../Unreal Projects/Multiple_Guns_Game/Content/StarterContent/Particles/Materials/M_Heat_Distortion.uasset" 630
"../../../../../../Unreal Projects/Multiple_Guns_Game/Content/StarterContent/Particles/P_Fire.uasset" 631
"../../../../../../Unreal Projects/Multiple_Guns_Game/Content/StarterContent/Blueprints/Blueprint_Effect_Fire.uasset" 632
"../../../../../../Unreal Projects/Multiple_Guns_Game/Content/StarterContent/Audio/Smoke01_Cue.uasset" 633
"../../../../../../Unreal Projects/Multiple_Guns_Game/Content/StarterContent/Particles/P_Smoke.uasset" 634
"../../../../../../Unreal Projects/Multiple_Guns_Game/Content/StarterContent/Blueprints/Blueprint_Effect_Smoke.uasset" 635
"../../../../../../Unreal Projects/Multiple_Guns_Game/Content/StarterContent/Audio/Fire_Sparks01_Cue.uasset" 636
"../../../../../../Unreal Projects/Multiple_Guns_Game/Content/StarterContent/Particles/P_Sparks.uasset" 637
"../../../../../../Unreal Projects/Multiple_Guns_Game/Content/StarterContent/Blueprints/Blueprint_Effect_Sparks.uasset" 638
"../../../../../../Unreal Projects/Multiple_Guns_Game/Content/StarterContent/Audio/Steam01_Cue.uasset" 639
"../../../../../../Unreal Projects/Multiple_Guns_Game/Content/StarterContent/Particles/P_Steam_Lit.uasset" 640
"../../../../../../Unreal Projects/Multiple_Guns_Game/Content/StarterContent/Blueprints/Blueprint_Effect_Steam.uasset" 641
"../../../../../../Unreal Projects/Multiple_Guns_Game/Content/StarterContent/Maps/StarterMap_BuiltData.uasset" 642
"../../../Engine/Content/Functions/Engine_MaterialFunctions03/Procedurals/ComputeFilterWidth.uasset" 643
"../../../Engine/Content/EngineMaterials/AntiAliasedTextMaterialTranslucent.uasset" 644
"../../../../../../Unreal Projects/Multiple_Guns_Game/Content/StarterContent/Textures/T_Brick_Clay_Beveled_D.uasset" 645
"../../../../../../Unreal Projects/Multiple_Guns_Game/Content/StarterContent/Textures/T_Brick_Clay_Beveled_M.uasset" 646
"../../../../../../Unreal Projects/Multiple_Guns_Game/Content/StarterContent/Textures/T_Brick_Clay_Beveled_N.uasset" 647
"../../../../../../Unreal Projects/Multiple_Guns_Game/Content/StarterContent/Materials/M_Brick_Clay_Beveled.uasset" 648
"../../../../../../Unreal Projects/Multiple_Guns_Game/Content/StarterContent/Textures/T_Brick_Clay_New_D.uasset" 649
"../../../../../../Unreal Projects/Multiple_Guns_Game/Content/StarterContent/Textures/T_Brick_Clay_New_M.uasset" 650
"../../../../../../Unreal Projects/Multiple_Guns_Game/Content/StarterContent/Textures/T_Brick_Clay_New_N.uasset" 651
"../../../../../../Unreal Projects/Multiple_Guns_Game/Content/StarterContent/Materials/M_Brick_Clay_New.uasset" 652
"../../../../../../Unreal Projects/Multiple_Guns_Game/Content/StarterContent/Textures/T_Brick_Clay_Old_D.uasset" 653
"../../../../../../Unreal Projects/Multiple_Guns_Game/Content/StarterContent/Textures/T_Brick_Clay_Old_N.uasset" 654
"../../../../../../Unreal Projects/Multiple_Guns_Game/Content/StarterContent/Materials/M_Brick_Clay_Old.uasset" 655
"../../../../../../Unreal Projects/Multiple_Guns_Game/Content/StarterContent/Textures/T_Brick_Cut_Stone_D.uasset" 656
"../../../../../../Unreal Projects/Multiple_Guns_Game/Content/StarterContent/Textures/T_Brick_Cut_Stone_N.uasset" 657
"../../../../../../Unreal Projects/Multiple_Guns_Game/Content/StarterContent/Materials/M_Brick_Cut_Stone.uasset" 658
"../../../../../../Unreal Projects/Multiple_Guns_Game/Content/StarterContent/Textures/T_Brick_Hewn_Stone_D.uasset" 659
"../../../../../../Unreal Projects/Multiple_Guns_Game/Content/StarterContent/Textures/T_Brick_Hewn_Stone_M.uasset" 660
"../../../../../../Unreal Projects/Multiple_Guns_Game/Content/StarterContent/Textures/T_Brick_Hewn_Stone_N.uasset" 661
"../../../../../../Unreal Projects/Multiple_Guns_Game/Content/StarterContent/Materials/M_Brick_Hewn_Stone.uasset" 662
"../../../../../../Unreal Projects/Multiple_Guns_Game/Content/StarterContent/Textures/T_Ceramic_Tile_M.uasset" 663
"../../../../../../Unreal Projects/Multiple_Guns_Game/Content/StarterContent/Textures/T_Ceramic_Tile_N.uasset" 664
"../../../../../../Unreal Projects/Multiple_Guns_Game/Content/StarterContent/Textures/T_Rock_Marble_Polished_D.uasset" 665
"../../../../../../Unreal Projects/Multiple_Guns_Game/Content/StarterContent/Materials/M_Ceramic_Tile_Checker.uasset" 666
"../../../../../../Unreal Projects/Multiple_Guns_Game/Content/StarterContent/Textures/T_CobbleStone_Pebble_D.uasset" 667
"../../../../../../Unreal Projects/Multiple_Guns_Game/Content/StarterContent/Textures/T_CobbleStone_Pebble_M.uasset" 668
"../../../../../../Unreal Projects/Multiple_Guns_Game/Content/StarterContent/Textures/T_CobbleStone_Pebble_N.uasset" 669
"../../../../../../Unreal Projects/Multiple_Guns_Game/Content/StarterContent/Materials/M_CobbleStone_Pebble.uasset" 670
"../../../../../../Unreal Projects/Multiple_Guns_Game/Content/StarterContent/Textures/T_CobbleStone_Rough_D.uasset" 671
"../../../../../../Unreal Projects/Multiple_Guns_Game/Content/StarterContent/Textures/T_CobbleStone_Rough_N.uasset" 672
"../../../../../../Unreal Projects/Multiple_Guns_Game/Content/StarterContent/Textures/T_Gradinet_01.uasset" 673
"../../../../../../Unreal Projects/Multiple_Guns_Game/Content/StarterContent/Textures/T_Rock_Smooth_Granite_D.uasset" 674
"../../../../../../Unreal Projects/Multiple_Guns_Game/Content/StarterContent/Materials/M_CobbleStone_Rough.uasset" 675
"../../../../../../Unreal Projects/Multiple_Guns_Game/Content/StarterContent/Textures/T_CobbleStone_Smooth_D.uasset" 676
"../../../../../../Unreal Projects/Multiple_Guns_Game/Content/StarterContent/Textures/T_CobbleStone_Smooth_M.uasset" 677
"../../../../../../Unreal Projects/Multiple_Guns_Game/Content/StarterContent/Textures/T_CobbleStone_Smooth_N.uasset" 678
"../../../../../../Unreal Projects/Multiple_Guns_Game/Content/StarterContent/Materials/M_CobbleStone_Smooth.uasset" 679
"../../../../../../Unreal Projects/Multiple_Guns_Game/Content/StarterContent/Textures/T_Concrete_Grime_D.uasset" 680
"../../../../../../Unreal Projects/Multiple_Guns_Game/Content/StarterContent/Textures/T_Metal_Rust_N.uasset" 681
"../../../../../../Unreal Projects/Multiple_Guns_Game/Content/StarterContent/Materials/M_Concrete_Grime.uasset" 682
"../../../../../../Unreal Projects/Multiple_Guns_Game/Content/StarterContent/Textures/T_Concrete_Panels_D.uasset" 683
"../../../../../../Unreal Projects/Multiple_Guns_Game/Content/StarterContent/Textures/T_Concrete_Panels_N.uasset" 684
"../../../../../../Unreal Projects/Multiple_Guns_Game/Content/StarterContent/Materials/M_Concrete_Panels.uasset" 685
"../../../../../../Unreal Projects/Multiple_Guns_Game/Content/StarterContent/Textures/T_Concrete_Poured_D.uasset" 686
"../../../../../../Unreal Projects/Multiple_Guns_Game/Content/StarterContent/Textures/T_Concrete_Poured_N.uasset" 687
"../../../../../../Unreal Projects/Multiple_Guns_Game/Content/StarterContent/Materials/M_Concrete_Poured.uasset" 688
"../../../../../../Unreal Projects/Multiple_Guns_Game/Content/StarterContent/Textures/T_Concrete_Tiles_D.uasset" 689
"../../../../../../Unreal Projects/Multiple_Guns_Game/Content/StarterContent/Textures/T_Concrete_Tiles_M.uasset" 690
"../../../../../../Unreal Projects/Multiple_Guns_Game/Content/StarterContent/Textures/T_Concrete_Tiles_N.uasset" 691
"../../../../../../Unreal Projects/Multiple_Guns_Game/Content/StarterContent/Textures/T_Concrete_Tiles_Variation_M.uasset" 692
"../../../../../../Unreal Projects/Multiple_Guns_Game/Content/StarterContent/Materials/M_Concrete_Tiles.uasset" 693
"../../../../../../Unreal Projects/Multiple_Guns_Game/Content/StarterContent/Textures/T_Ground_Gravel_D.uasset" 694
"../../../../../../Unreal Projects/Multiple_Guns_Game/Content/StarterContent/Textures/T_Ground_Gravel_N.uasset" 695
"../../../../../../Unreal Projects/Multiple_Guns_Game/Content/StarterContent/Materials/M_Ground_Gravel.uasset" 696
"../../../../../../Unreal Projects/Multiple_Guns_Game/Content/StarterContent/Textures/T_ground_Moss_D.uasset" 697
"../../../../../../Unreal Projects/Multiple_Guns_Game/Content/StarterContent/Textures/T_Ground_Moss_N.uasset" 698
"../../../../../../Unreal Projects/Multiple_Guns_Game/Content/StarterContent/Materials/M_Ground_Moss.uasset" 699
"../../../../../../Unreal Projects/Multiple_Guns_Game/Content/StarterContent/Materials/M_Metal_Chrome.uasset" 700
"../../../../../../Unreal Projects/Multiple_Guns_Game/Content/StarterContent/Textures/T_Metal_Gold_D.uasset" 701
"../../../../../../Unreal Projects/Multiple_Guns_Game/Content/StarterContent/Materials/M_Metal_Gold.uasset" 702
"../../../../../../Unreal Projects/Multiple_Guns_Game/Content/StarterContent/Textures/T_Metal_Rust_D.uasset" 703
"../../../../../../Unreal Projects/Multiple_Guns_Game/Content/StarterContent/Materials/M_Metal_Rust.uasset" 704
"../../../../../../Unreal Projects/Multiple_Guns_Game/Content/StarterContent/Materials/M_Rock_Marble_Polished.uasset" 705
"../../../../../../Unreal Projects/Multiple_Guns_Game/Content/StarterContent/Textures/T_Rock_Sandstone_D.uasset" 706
"../../../../../../Unreal Projects/Multiple_Guns_Game/Content/StarterContent/Textures/T_Rock_Sandstone_N.uasset" 707
"../../../../../../Unreal Projects/Multiple_Guns_Game/Content/StarterContent/Materials/M_Rock_Sandstone.uasset" 708
"../../../../../../Unreal Projects/Multiple_Guns_Game/Content/StarterContent/Textures/T_Checker_Noise_M.uasset" 709
"../../../../../../Unreal Projects/Multiple_Guns_Game/Content/StarterContent/Textures/T_Single_Tile_N.uasset" 710
"../../../../../../Unreal Projects/Multiple_Guns_Game/Content/StarterContent/Textures/T_Tech_Dot_M.uasset" 711
"../../../../../../Unreal Projects/Multiple_Guns_Game/Content/StarterContent/Textures/T_Tech_Dot_N.uasset" 712
"../../../../../../Unreal Projects/Multiple_Guns_Game/Content/StarterContent/Materials/M_Tech_Checker_Dot.uasset" 713
"../../../../../../Unreal Projects/Multiple_Guns_Game/Content/StarterContent/Materials/M_Tech_Hex_Tile_Pulse.uasset" 714
"../../../../../../Unreal Projects/Multiple_Guns_Game/Content/StarterContent/Materials/M_Water_Lake.uasset" 715
"../../../../../../Unreal Projects/Multiple_Guns_Game/Content/StarterContent/Textures/T_Water_M.uasset" 716
"../../../../../../Unreal Projects/Multiple_Guns_Game/Content/StarterContent/Materials/M_Water_Ocean.uasset" 717
"../../../../../../Unreal Projects/Multiple_Guns_Game/Content/StarterContent/Textures/T_Wood_Floor_Walnut_D.uasset" 718
"../../../../../../Unreal Projects/Multiple_Guns_Game/Content/StarterContent/Textures/T_Wood_Floor_Walnut_M.uasset" 719
"../../../../../../Unreal Projects/Multiple_Guns_Game/Content/StarterContent/Textures/T_Wood_Floor_Walnut_N.uasset" 720
"../../../../../../Unreal Projects/Multiple_Guns_Game/Content/StarterContent/Materials/M_Wood_Floor_Walnut_Polished.uasset" 721
"../../../Engine/Content/Functions/Engine_MaterialFunctions01/Opacity/AlphaOffset.uasset" 722
"../../../../../../Unreal Projects/Multiple_Guns_Game/Content/StarterContent/Materials/M_Wood_Floor_Walnut_Worn.uasset" 723
"../../../../../../Unreal Projects/Multiple_Guns_Game/Content/StarterContent/Textures/T_Wood_Oak_D.uasset" 724
"../../../../../../Unreal Projects/Multiple_Guns_Game/Content/StarterContent/Textures/T_Wood_Oak_N.uasset" 725
"../../../../../../Unreal Projects/Multiple_Guns_Game/Content/StarterContent/Materials/M_Wood_Oak.uasset" 726
"../../../../../../Unreal Projects/Multiple_Guns_Game/Content/StarterContent/Textures/T_Wood_Pine_D.uasset" 727
"../../../../../../Unreal Projects/Multiple_Guns_Game/Content/StarterContent/Textures/T_Wood_Pine_N.uasset" 728
"../../../../../../Unreal Projects/Multiple_Guns_Game/Content/StarterContent/Materials/M_Wood_Pine.uasset" 729
"../../../../../../Unreal Projects/Multiple_Guns_Game/Content/StarterContent/Textures/T_Wood_Walnut_D.uasset" 730
"../../../../../../Unreal Projects/Multiple_Guns_Game/Content/StarterContent/Textures/T_Wood_Walnut_N.uasset" 731
"../../../../../../Unreal Projects/Multiple_Guns_Game/Content/StarterContent/Materials/M_Wood_Walnut.uasset" 732
"../../../../../../Unreal Projects/Multiple_Guns_Game/Content/StarterContent/Architecture/Wall_400x200.uasset" 733
"../../../../../../Unreal Projects/Multiple_Guns_Game/Content/StarterContent/Architecture/Wall_Door_400x300.uasset" 734
"../../../../../../Unreal Projects/Multiple_Guns_Game/Content/StarterContent/Architecture/Wall_Window_400x300.uasset" 735
"../../../../../../Unreal Projects/Multiple_Guns_Game/Content/StarterContent/Audio/Collapse_Cue.uasset" 736
"../../../../../../Unreal Projects/Multiple_Guns_Game/Content/StarterContent/Audio/Starter_Music_Cue.uasset" 737
"../../../../../../Unreal Projects/Multiple_Guns_Game/Content/StarterContent/Particles/P_Ambient_Dust.uasset" 738
"../../../../../../Unreal Projects/Multiple_Guns_Game/Content/StarterContent/Props/MaterialSphere.uasset" 739
"../../../../../../Unreal Projects/Multiple_Guns_Game/Content/StarterContent/Textures/T_Frame_M.uasset" 740
"../../../../../../Unreal Projects/Multiple_Guns_Game/Content/StarterContent/Textures/T_Frame_N.uasset" 741
"../../../../../../Unreal Projects/Multiple_Guns_Game/Content/StarterContent/Props/Materials/M_Frame.uasset" 742
"../../../../../../Unreal Projects/Multiple_Guns_Game/Content/StarterContent/Props/SM_CornerFrame.uasset" 743
"../../../../../../Unreal Projects/Multiple_Guns_Game/Content/StarterContent/Props/SM_DoorFrame.uasset" 744
"../../../../../../Unreal Projects/Multiple_Guns_Game/Content/StarterContent/Props/SM_GlassWindow.uasset" 745
"../../../../../../Unreal Projects/Multiple_Guns_Game/Content/StarterContent/Props/SM_PillarFrame.uasset" 746
"../../../../../../Unreal Projects/Multiple_Guns_Game/Content/StarterContent/Props/SM_PillarFrame300.uasset" 747
"../../../../../../Unreal Projects/Multiple_Guns_Game/Content/StarterContent/Props/SM_WindowFrame.uasset" 748
"../../../../../../Unreal Projects/Multiple_Guns_Game/Content/StarterContent/Shapes/Shape_Cube.uasset" 749
"../../../../../../Unreal Projects/Multiple_Guns_Game/Content/StarterContent/Shapes/Shape_QuadPyramid.uasset" 750
"../../../../../../Unreal Projects/Multiple_Guns_Game/Content/StarterContent/Shapes/Shape_Sphere.uasset" 751
"../../../../../../Unreal Projects/Multiple_Guns_Game/Content/StarterContent/Maps/StarterMap.umap" 752
"../../../../../../Unreal Projects/Multiple_Guns_Game/Content/ThirdPersonBP/Maps/ThirdPersonExampleMap_BuiltData.uasset" 753
"../../../../../../Unreal Projects/Multiple_Guns_Game/Content/Geometry/Meshes/1M_Cube_Chamfer.uasset" 754
"../../../../../../Unreal Projects/Multiple_Guns_Game/Content/Geometry/Meshes/TemplateFloor.uasset" 755
"../../../../../../Unreal Projects/Multiple_Guns_Game/Content/ThirdPerson/Meshes/RampMaterial.uasset" 756
"../../../../../../Unreal Projects/Multiple_Guns_Game/Content/ThirdPerson/Meshes/Bump_StaticMesh.uasset" 757
"../../../../../../Unreal Projects/Multiple_Guns_Game/Content/ThirdPerson/Meshes/LeftArm_StaticMesh.uasset" 758
"../../../../../../Unreal Projects/Multiple_Guns_Game/Content/ThirdPerson/Meshes/Linear_Stair_StaticMesh.uasset" 759
"../../../../../../Unreal Projects/Multiple_Guns_Game/Content/ThirdPerson/Meshes/Ramp_StaticMesh.uasset" 760
"../../../../../../Unreal Projects/Multiple_Guns_Game/Content/ThirdPerson/Meshes/RightArm_StaticMesh.uasset" 761
"../../../../../../Unreal Projects/Multiple_Guns_Game/Content/ThirdPersonBP/Maps/ThirdPersonExampleMap.umap" 762
"../../../Engine/Content/Maps/Entry_BuiltData.uasset" 763
"../../../Engine/Content/Maps/Entry.umap" 764
